<?xml version="1.0" encoding="UTF-8"?>
<testsuite xmlns:xsi="http://www.w3.org/2001/XMLSchema-instance" xsi:noNamespaceSchemaLocation="https://maven.apache.org/surefire/maven-surefire-plugin/xsd/surefire-test-report.xsd" name="com.csye6225.assignment3.Assignment3ApplicationTests" time="2.422" tests="1" errors="1" skipped="0" failures="0">
  <properties>
    <property name="awt.toolkit" value="sun.lwawt.macosx.LWCToolkit"/>
    <property name="java.specification.version" value="12"/>
    <property name="sun.jnu.encoding" value="UTF-8"/>
    <property name="java.class.path" value="/Users/ricardo/Desktop/csye6225_assignment/target/test-classes:/Users/ricardo/Desktop/csye6225_assignment/target/classes:/Users/ricardo/.m2/repository/org/springframework/boot/spring-boot-starter-web/2.2.4.RELEASE/spring-boot-starter-web-2.2.4.RELEASE.jar:/Users/ricardo/.m2/repository/org/springframework/boot/spring-boot-starter/2.2.4.RELEASE/spring-boot-starter-2.2.4.RELEASE.jar:/Users/ricardo/.m2/repository/org/springframework/boot/spring-boot/2.2.4.RELEASE/spring-boot-2.2.4.RELEASE.jar:/Users/ricardo/.m2/repository/org/springframework/boot/spring-boot-autoconfigure/2.2.4.RELEASE/spring-boot-autoconfigure-2.2.4.RELEASE.jar:/Users/ricardo/.m2/repository/org/springframework/boot/spring-boot-starter-logging/2.2.4.RELEASE/spring-boot-starter-logging-2.2.4.RELEASE.jar:/Users/ricardo/.m2/repository/ch/qos/logback/logback-classic/1.2.3/logback-classic-1.2.3.jar:/Users/ricardo/.m2/repository/ch/qos/logback/logback-core/1.2.3/logback-core-1.2.3.jar:/Users/ricardo/.m2/repository/org/apache/logging/log4j/log4j-to-slf4j/2.12.1/log4j-to-slf4j-2.12.1.jar:/Users/ricardo/.m2/repository/org/apache/logging/log4j/log4j-api/2.12.1/log4j-api-2.12.1.jar:/Users/ricardo/.m2/repository/org/slf4j/jul-to-slf4j/1.7.30/jul-to-slf4j-1.7.30.jar:/Users/ricardo/.m2/repository/jakarta/annotation/jakarta.annotation-api/1.3.5/jakarta.annotation-api-1.3.5.jar:/Users/ricardo/.m2/repository/org/yaml/snakeyaml/1.25/snakeyaml-1.25.jar:/Users/ricardo/.m2/repository/org/springframework/boot/spring-boot-starter-json/2.2.4.RELEASE/spring-boot-starter-json-2.2.4.RELEASE.jar:/Users/ricardo/.m2/repository/com/fasterxml/jackson/core/jackson-databind/2.10.2/jackson-databind-2.10.2.jar:/Users/ricardo/.m2/repository/com/fasterxml/jackson/core/jackson-annotations/2.10.2/jackson-annotations-2.10.2.jar:/Users/ricardo/.m2/repository/com/fasterxml/jackson/core/jackson-core/2.10.2/jackson-core-2.10.2.jar:/Users/ricardo/.m2/repository/com/fasterxml/jackson/datatype/jackson-datatype-jdk8/2.10.2/jackson-datatype-jdk8-2.10.2.jar:/Users/ricardo/.m2/repository/com/fasterxml/jackson/datatype/jackson-datatype-jsr310/2.10.2/jackson-datatype-jsr310-2.10.2.jar:/Users/ricardo/.m2/repository/com/fasterxml/jackson/module/jackson-module-parameter-names/2.10.2/jackson-module-parameter-names-2.10.2.jar:/Users/ricardo/.m2/repository/org/springframework/boot/spring-boot-starter-tomcat/2.2.4.RELEASE/spring-boot-starter-tomcat-2.2.4.RELEASE.jar:/Users/ricardo/.m2/repository/org/apache/tomcat/embed/tomcat-embed-core/9.0.30/tomcat-embed-core-9.0.30.jar:/Users/ricardo/.m2/repository/org/apache/tomcat/embed/tomcat-embed-el/9.0.30/tomcat-embed-el-9.0.30.jar:/Users/ricardo/.m2/repository/org/apache/tomcat/embed/tomcat-embed-websocket/9.0.30/tomcat-embed-websocket-9.0.30.jar:/Users/ricardo/.m2/repository/org/springframework/boot/spring-boot-starter-validation/2.2.4.RELEASE/spring-boot-starter-validation-2.2.4.RELEASE.jar:/Users/ricardo/.m2/repository/jakarta/validation/jakarta.validation-api/2.0.2/jakarta.validation-api-2.0.2.jar:/Users/ricardo/.m2/repository/org/hibernate/validator/hibernate-validator/6.0.18.Final/hibernate-validator-6.0.18.Final.jar:/Users/ricardo/.m2/repository/org/jboss/logging/jboss-logging/3.4.1.Final/jboss-logging-3.4.1.Final.jar:/Users/ricardo/.m2/repository/com/fasterxml/classmate/1.5.1/classmate-1.5.1.jar:/Users/ricardo/.m2/repository/org/springframework/spring-web/5.2.3.RELEASE/spring-web-5.2.3.RELEASE.jar:/Users/ricardo/.m2/repository/org/springframework/spring-webmvc/5.2.3.RELEASE/spring-webmvc-5.2.3.RELEASE.jar:/Users/ricardo/.m2/repository/org/springframework/spring-aop/5.2.3.RELEASE/spring-aop-5.2.3.RELEASE.jar:/Users/ricardo/.m2/repository/org/springframework/spring-context/5.2.3.RELEASE/spring-context-5.2.3.RELEASE.jar:/Users/ricardo/.m2/repository/org/springframework/spring-expression/5.2.3.RELEASE/spring-expression-5.2.3.RELEASE.jar:/Users/ricardo/.m2/repository/org/mybatis/spring/boot/mybatis-spring-boot-starter/2.1.1/mybatis-spring-boot-starter-2.1.1.jar:/Users/ricardo/.m2/repository/org/springframework/boot/spring-boot-starter-jdbc/2.2.4.RELEASE/spring-boot-starter-jdbc-2.2.4.RELEASE.jar:/Users/ricardo/.m2/repository/com/zaxxer/HikariCP/3.4.2/HikariCP-3.4.2.jar:/Users/ricardo/.m2/repository/org/springframework/spring-jdbc/5.2.3.RELEASE/spring-jdbc-5.2.3.RELEASE.jar:/Users/ricardo/.m2/repository/org/mybatis/spring/boot/mybatis-spring-boot-autoconfigure/2.1.1/mybatis-spring-boot-autoconfigure-2.1.1.jar:/Users/ricardo/.m2/repository/org/mybatis/mybatis/3.5.3/mybatis-3.5.3.jar:/Users/ricardo/.m2/repository/org/mybatis/mybatis-spring/2.0.3/mybatis-spring-2.0.3.jar:/Users/ricardo/.m2/repository/org/springframework/boot/spring-boot-starter-test/2.2.4.RELEASE/spring-boot-starter-test-2.2.4.RELEASE.jar:/Users/ricardo/.m2/repository/org/springframework/boot/spring-boot-test/2.2.4.RELEASE/spring-boot-test-2.2.4.RELEASE.jar:/Users/ricardo/.m2/repository/org/springframework/boot/spring-boot-test-autoconfigure/2.2.4.RELEASE/spring-boot-test-autoconfigure-2.2.4.RELEASE.jar:/Users/ricardo/.m2/repository/com/jayway/jsonpath/json-path/2.4.0/json-path-2.4.0.jar:/Users/ricardo/.m2/repository/net/minidev/json-smart/2.3/json-smart-2.3.jar:/Users/ricardo/.m2/repository/net/minidev/accessors-smart/1.2/accessors-smart-1.2.jar:/Users/ricardo/.m2/repository/org/ow2/asm/asm/5.0.4/asm-5.0.4.jar:/Users/ricardo/.m2/repository/jakarta/xml/bind/jakarta.xml.bind-api/2.3.2/jakarta.xml.bind-api-2.3.2.jar:/Users/ricardo/.m2/repository/jakarta/activation/jakarta.activation-api/1.2.1/jakarta.activation-api-1.2.1.jar:/Users/ricardo/.m2/repository/org/junit/jupiter/junit-jupiter/5.5.2/junit-jupiter-5.5.2.jar:/Users/ricardo/.m2/repository/org/junit/jupiter/junit-jupiter-params/5.5.2/junit-jupiter-params-5.5.2.jar:/Users/ricardo/.m2/repository/org/mockito/mockito-junit-jupiter/3.1.0/mockito-junit-jupiter-3.1.0.jar:/Users/ricardo/.m2/repository/org/assertj/assertj-core/3.13.2/assertj-core-3.13.2.jar:/Users/ricardo/.m2/repository/org/hamcrest/hamcrest/2.1/hamcrest-2.1.jar:/Users/ricardo/.m2/repository/org/mockito/mockito-core/3.1.0/mockito-core-3.1.0.jar:/Users/ricardo/.m2/repository/net/bytebuddy/byte-buddy/1.10.6/byte-buddy-1.10.6.jar:/Users/ricardo/.m2/repository/net/bytebuddy/byte-buddy-agent/1.10.6/byte-buddy-agent-1.10.6.jar:/Users/ricardo/.m2/repository/org/objenesis/objenesis/2.6/objenesis-2.6.jar:/Users/ricardo/.m2/repository/org/skyscreamer/jsonassert/1.5.0/jsonassert-1.5.0.jar:/Users/ricardo/.m2/repository/com/vaadin/external/google/android-json/0.0.20131108.vaadin1/android-json-0.0.20131108.vaadin1.jar:/Users/ricardo/.m2/repository/org/springframework/spring-core/5.2.3.RELEASE/spring-core-5.2.3.RELEASE.jar:/Users/ricardo/.m2/repository/org/springframework/spring-jcl/5.2.3.RELEASE/spring-jcl-5.2.3.RELEASE.jar:/Users/ricardo/.m2/repository/org/springframework/spring-test/5.2.3.RELEASE/spring-test-5.2.3.RELEASE.jar:/Users/ricardo/.m2/repository/org/xmlunit/xmlunit-core/2.6.3/xmlunit-core-2.6.3.jar:/Users/ricardo/.m2/repository/org/mybatis/generator/mybatis-generator-core/1.4.0/mybatis-generator-core-1.4.0.jar:/Users/ricardo/.m2/repository/javax/annotation/javax.annotation-api/1.3.2/javax.annotation-api-1.3.2.jar:/Users/ricardo/.m2/repository/mysql/mysql-connector-java/8.0.18/mysql-connector-java-8.0.18.jar:/Users/ricardo/.m2/repository/org/springframework/data/spring-data-commons/2.2.3.RELEASE/spring-data-commons-2.2.3.RELEASE.jar:/Users/ricardo/.m2/repository/org/springframework/spring-beans/5.2.3.RELEASE/spring-beans-5.2.3.RELEASE.jar:/Users/ricardo/.m2/repository/org/slf4j/slf4j-api/1.7.30/slf4j-api-1.7.30.jar:/Users/ricardo/.m2/repository/org/apache/ibatis/ibatis-sqlmap/3.0-beta-10/ibatis-sqlmap-3.0-beta-10.jar:/Users/ricardo/.m2/repository/org/springframework/boot/spring-boot-starter-data-redis/2.2.2.RELEASE/spring-boot-starter-data-redis-2.2.2.RELEASE.jar:/Users/ricardo/.m2/repository/org/springframework/data/spring-data-redis/2.2.4.RELEASE/spring-data-redis-2.2.4.RELEASE.jar:/Users/ricardo/.m2/repository/org/springframework/data/spring-data-keyvalue/2.2.4.RELEASE/spring-data-keyvalue-2.2.4.RELEASE.jar:/Users/ricardo/.m2/repository/org/springframework/spring-tx/5.2.3.RELEASE/spring-tx-5.2.3.RELEASE.jar:/Users/ricardo/.m2/repository/org/springframework/spring-oxm/5.2.3.RELEASE/spring-oxm-5.2.3.RELEASE.jar:/Users/ricardo/.m2/repository/org/springframework/spring-context-support/5.2.3.RELEASE/spring-context-support-5.2.3.RELEASE.jar:/Users/ricardo/.m2/repository/io/lettuce/lettuce-core/5.2.1.RELEASE/lettuce-core-5.2.1.RELEASE.jar:/Users/ricardo/.m2/repository/io/netty/netty-common/4.1.45.Final/netty-common-4.1.45.Final.jar:/Users/ricardo/.m2/repository/io/netty/netty-handler/4.1.45.Final/netty-handler-4.1.45.Final.jar:/Users/ricardo/.m2/repository/io/netty/netty-buffer/4.1.45.Final/netty-buffer-4.1.45.Final.jar:/Users/ricardo/.m2/repository/io/netty/netty-codec/4.1.45.Final/netty-codec-4.1.45.Final.jar:/Users/ricardo/.m2/repository/io/netty/netty-transport/4.1.45.Final/netty-transport-4.1.45.Final.jar:/Users/ricardo/.m2/repository/io/netty/netty-resolver/4.1.45.Final/netty-resolver-4.1.45.Final.jar:/Users/ricardo/.m2/repository/io/projectreactor/reactor-core/3.3.2.RELEASE/reactor-core-3.3.2.RELEASE.jar:/Users/ricardo/.m2/repository/org/reactivestreams/reactive-streams/1.0.3/reactive-streams-1.0.3.jar:/Users/ricardo/.m2/repository/org/mindrot/jbcrypt/0.4/jbcrypt-0.4.jar:/Users/ricardo/.m2/repository/cn/hutool/hutool-all/5.1.0/hutool-all-5.1.0.jar:/Users/ricardo/.m2/repository/org/junit/jupiter/junit-jupiter-engine/5.1.0/junit-jupiter-engine-5.1.0.jar:/Users/ricardo/.m2/repository/org/apiguardian/apiguardian-api/1.0.0/apiguardian-api-1.0.0.jar:/Users/ricardo/.m2/repository/org/junit/platform/junit-platform-engine/1.5.2/junit-platform-engine-1.5.2.jar:/Users/ricardo/.m2/repository/org/opentest4j/opentest4j/1.2.0/opentest4j-1.2.0.jar:/Users/ricardo/.m2/repository/org/junit/platform/junit-platform-commons/1.5.2/junit-platform-commons-1.5.2.jar:/Users/ricardo/.m2/repository/org/junit/jupiter/junit-jupiter-api/5.5.2/junit-jupiter-api-5.5.2.jar:/Users/ricardo/.m2/repository/junit/junit/4.12/junit-4.12.jar:/Users/ricardo/.m2/repository/org/hamcrest/hamcrest-core/2.1/hamcrest-core-2.1.jar:/Users/ricardo/.m2/repository/org/eclipse/persistence/javax.persistence/2.2.1/javax.persistence-2.2.1.jar:/Users/ricardo/.m2/repository/com/amazonaws/aws-java-sdk/1.11.469/aws-java-sdk-1.11.469.jar:/Users/ricardo/.m2/repository/com/amazonaws/aws-java-sdk-kafka/1.11.469/aws-java-sdk-kafka-1.11.469.jar:/Users/ricardo/.m2/repository/com/amazonaws/jmespath-java/1.11.469/jmespath-java-1.11.469.jar:/Users/ricardo/.m2/repository/com/amazonaws/aws-java-sdk-appmesh/1.11.469/aws-java-sdk-appmesh-1.11.469.jar:/Users/ricardo/.m2/repository/com/amazonaws/aws-java-sdk-licensemanager/1.11.469/aws-java-sdk-licensemanager-1.11.469.jar:/Users/ricardo/.m2/repository/com/amazonaws/aws-java-sdk-securityhub/1.11.469/aws-java-sdk-securityhub-1.11.469.jar:/Users/ricardo/.m2/repository/com/amazonaws/aws-java-sdk-fsx/1.11.469/aws-java-sdk-fsx-1.11.469.jar:/Users/ricardo/.m2/repository/com/amazonaws/aws-java-sdk-mediaconnect/1.11.469/aws-java-sdk-mediaconnect-1.11.469.jar:/Users/ricardo/.m2/repository/com/amazonaws/aws-java-sdk-kinesisanalyticsv2/1.11.469/aws-java-sdk-kinesisanalyticsv2-1.11.469.jar:/Users/ricardo/.m2/repository/com/amazonaws/aws-java-sdk-comprehendmedical/1.11.469/aws-java-sdk-comprehendmedical-1.11.469.jar:/Users/ricardo/.m2/repository/com/amazonaws/aws-java-sdk-globalaccelerator/1.11.469/aws-java-sdk-globalaccelerator-1.11.469.jar:/Users/ricardo/.m2/repository/com/amazonaws/aws-java-sdk-transfer/1.11.469/aws-java-sdk-transfer-1.11.469.jar:/Users/ricardo/.m2/repository/com/amazonaws/aws-java-sdk-datasync/1.11.469/aws-java-sdk-datasync-1.11.469.jar:/Users/ricardo/.m2/repository/com/amazonaws/aws-java-sdk-robomaker/1.11.469/aws-java-sdk-robomaker-1.11.469.jar:/Users/ricardo/.m2/repository/com/amazonaws/aws-java-sdk-amplify/1.11.469/aws-java-sdk-amplify-1.11.469.jar:/Users/ricardo/.m2/repository/com/amazonaws/aws-java-sdk-quicksight/1.11.469/aws-java-sdk-quicksight-1.11.469.jar:/Users/ricardo/.m2/repository/com/amazonaws/aws-java-sdk-rdsdata/1.11.469/aws-java-sdk-rdsdata-1.11.469.jar:/Users/ricardo/.m2/repository/com/amazonaws/aws-java-sdk-route53resolver/1.11.469/aws-java-sdk-route53resolver-1.11.469.jar:/Users/ricardo/.m2/repository/com/amazonaws/aws-java-sdk-ram/1.11.469/aws-java-sdk-ram-1.11.469.jar:/Users/ricardo/.m2/repository/com/amazonaws/aws-java-sdk-s3control/1.11.469/aws-java-sdk-s3control-1.11.469.jar:/Users/ricardo/.m2/repository/com/amazonaws/aws-java-sdk-pinpointsmsvoice/1.11.469/aws-java-sdk-pinpointsmsvoice-1.11.469.jar:/Users/ricardo/.m2/repository/com/amazonaws/aws-java-sdk-pinpointemail/1.11.469/aws-java-sdk-pinpointemail-1.11.469.jar:/Users/ricardo/.m2/repository/com/amazonaws/aws-java-sdk-chime/1.11.469/aws-java-sdk-chime-1.11.469.jar:/Users/ricardo/.m2/repository/com/amazonaws/aws-java-sdk-signer/1.11.469/aws-java-sdk-signer-1.11.469.jar:/Users/ricardo/.m2/repository/com/amazonaws/aws-java-sdk-dlm/1.11.469/aws-java-sdk-dlm-1.11.469.jar:/Users/ricardo/.m2/repository/com/amazonaws/aws-java-sdk-macie/1.11.469/aws-java-sdk-macie-1.11.469.jar:/Users/ricardo/.m2/repository/com/amazonaws/aws-java-sdk-eks/1.11.469/aws-java-sdk-eks-1.11.469.jar:/Users/ricardo/.m2/repository/com/amazonaws/aws-java-sdk-mediatailor/1.11.469/aws-java-sdk-mediatailor-1.11.469.jar:/Users/ricardo/.m2/repository/com/amazonaws/aws-java-sdk-neptune/1.11.469/aws-java-sdk-neptune-1.11.469.jar:/Users/ricardo/.m2/repository/com/amazonaws/aws-java-sdk-pi/1.11.469/aws-java-sdk-pi-1.11.469.jar:/Users/ricardo/.m2/repository/com/amazonaws/aws-java-sdk-iot1clickprojects/1.11.469/aws-java-sdk-iot1clickprojects-1.11.469.jar:/Users/ricardo/.m2/repository/com/amazonaws/aws-java-sdk-iot1clickdevices/1.11.469/aws-java-sdk-iot1clickdevices-1.11.469.jar:/Users/ricardo/.m2/repository/com/amazonaws/aws-java-sdk-iotanalytics/1.11.469/aws-java-sdk-iotanalytics-1.11.469.jar:/Users/ricardo/.m2/repository/com/amazonaws/aws-java-sdk-acmpca/1.11.469/aws-java-sdk-acmpca-1.11.469.jar:/Users/ricardo/.m2/repository/com/amazonaws/aws-java-sdk-secretsmanager/1.11.469/aws-java-sdk-secretsmanager-1.11.469.jar:/Users/ricardo/.m2/repository/com/amazonaws/aws-java-sdk-fms/1.11.469/aws-java-sdk-fms-1.11.469.jar:/Users/ricardo/.m2/repository/com/amazonaws/aws-java-sdk-connect/1.11.469/aws-java-sdk-connect-1.11.469.jar:/Users/ricardo/.m2/repository/com/amazonaws/aws-java-sdk-transcribe/1.11.469/aws-java-sdk-transcribe-1.11.469.jar:/Users/ricardo/.m2/repository/com/amazonaws/aws-java-sdk-autoscalingplans/1.11.469/aws-java-sdk-autoscalingplans-1.11.469.jar:/Users/ricardo/.m2/repository/com/amazonaws/aws-java-sdk-workmail/1.11.469/aws-java-sdk-workmail-1.11.469.jar:/Users/ricardo/.m2/repository/com/amazonaws/aws-java-sdk-servicediscovery/1.11.469/aws-java-sdk-servicediscovery-1.11.469.jar:/Users/ricardo/.m2/repository/com/amazonaws/aws-java-sdk-cloud9/1.11.469/aws-java-sdk-cloud9-1.11.469.jar:/Users/ricardo/.m2/repository/com/amazonaws/aws-java-sdk-serverlessapplicationrepository/1.11.469/aws-java-sdk-serverlessapplicationrepository-1.11.469.jar:/Users/ricardo/.m2/repository/com/amazonaws/aws-java-sdk-alexaforbusiness/1.11.469/aws-java-sdk-alexaforbusiness-1.11.469.jar:/Users/ricardo/.m2/repository/com/amazonaws/aws-java-sdk-resourcegroups/1.11.469/aws-java-sdk-resourcegroups-1.11.469.jar:/Users/ricardo/.m2/repository/com/amazonaws/aws-java-sdk-comprehend/1.11.469/aws-java-sdk-comprehend-1.11.469.jar:/Users/ricardo/.m2/repository/com/amazonaws/aws-java-sdk-translate/1.11.469/aws-java-sdk-translate-1.11.469.jar:/Users/ricardo/.m2/repository/com/amazonaws/aws-java-sdk-sagemaker/1.11.469/aws-java-sdk-sagemaker-1.11.469.jar:/Users/ricardo/.m2/repository/com/amazonaws/aws-java-sdk-iotjobsdataplane/1.11.469/aws-java-sdk-iotjobsdataplane-1.11.469.jar:/Users/ricardo/.m2/repository/com/amazonaws/aws-java-sdk-sagemakerruntime/1.11.469/aws-java-sdk-sagemakerruntime-1.11.469.jar:/Users/ricardo/.m2/repository/com/amazonaws/aws-java-sdk-kinesisvideo/1.11.469/aws-java-sdk-kinesisvideo-1.11.469.jar:/Users/ricardo/.m2/repository/io/netty/netty-codec-http/4.1.45.Final/netty-codec-http-4.1.45.Final.jar:/Users/ricardo/.m2/repository/com/amazonaws/aws-java-sdk-appsync/1.11.469/aws-java-sdk-appsync-1.11.469.jar:/Users/ricardo/.m2/repository/com/amazonaws/aws-java-sdk-guardduty/1.11.469/aws-java-sdk-guardduty-1.11.469.jar:/Users/ricardo/.m2/repository/com/amazonaws/aws-java-sdk-mq/1.11.469/aws-java-sdk-mq-1.11.469.jar:/Users/ricardo/.m2/repository/com/amazonaws/aws-java-sdk-mediaconvert/1.11.469/aws-java-sdk-mediaconvert-1.11.469.jar:/Users/ricardo/.m2/repository/com/amazonaws/aws-java-sdk-mediastore/1.11.469/aws-java-sdk-mediastore-1.11.469.jar:/Users/ricardo/.m2/repository/com/amazonaws/aws-java-sdk-mediastoredata/1.11.469/aws-java-sdk-mediastoredata-1.11.469.jar:/Users/ricardo/.m2/repository/com/amazonaws/aws-java-sdk-medialive/1.11.469/aws-java-sdk-medialive-1.11.469.jar:/Users/ricardo/.m2/repository/com/amazonaws/aws-java-sdk-mediapackage/1.11.469/aws-java-sdk-mediapackage-1.11.469.jar:/Users/ricardo/.m2/repository/com/amazonaws/aws-java-sdk-costexplorer/1.11.469/aws-java-sdk-costexplorer-1.11.469.jar:/Users/ricardo/.m2/repository/com/amazonaws/aws-java-sdk-pricing/1.11.469/aws-java-sdk-pricing-1.11.469.jar:/Users/ricardo/.m2/repository/com/amazonaws/aws-java-sdk-mobile/1.11.469/aws-java-sdk-mobile-1.11.469.jar:/Users/ricardo/.m2/repository/com/amazonaws/aws-java-sdk-cloudhsmv2/1.11.469/aws-java-sdk-cloudhsmv2-1.11.469.jar:/Users/ricardo/.m2/repository/com/amazonaws/aws-java-sdk-glue/1.11.469/aws-java-sdk-glue-1.11.469.jar:/Users/ricardo/.m2/repository/com/amazonaws/aws-java-sdk-migrationhub/1.11.469/aws-java-sdk-migrationhub-1.11.469.jar:/Users/ricardo/.m2/repository/com/amazonaws/aws-java-sdk-dax/1.11.469/aws-java-sdk-dax-1.11.469.jar:/Users/ricardo/.m2/repository/com/amazonaws/aws-java-sdk-greengrass/1.11.469/aws-java-sdk-greengrass-1.11.469.jar:/Users/ricardo/.m2/repository/com/amazonaws/aws-java-sdk-athena/1.11.469/aws-java-sdk-athena-1.11.469.jar:/Users/ricardo/.m2/repository/com/amazonaws/aws-java-sdk-marketplaceentitlement/1.11.469/aws-java-sdk-marketplaceentitlement-1.11.469.jar:/Users/ricardo/.m2/repository/com/amazonaws/aws-java-sdk-codestar/1.11.469/aws-java-sdk-codestar-1.11.469.jar:/Users/ricardo/.m2/repository/com/amazonaws/aws-java-sdk-lexmodelbuilding/1.11.469/aws-java-sdk-lexmodelbuilding-1.11.469.jar:/Users/ricardo/.m2/repository/com/amazonaws/aws-java-sdk-resourcegroupstaggingapi/1.11.469/aws-java-sdk-resourcegroupstaggingapi-1.11.469.jar:/Users/ricardo/.m2/repository/com/amazonaws/aws-java-sdk-pinpoint/1.11.469/aws-java-sdk-pinpoint-1.11.469.jar:/Users/ricardo/.m2/repository/com/amazonaws/aws-java-sdk-xray/1.11.469/aws-java-sdk-xray-1.11.469.jar:/Users/ricardo/.m2/repository/com/amazonaws/aws-java-sdk-opsworkscm/1.11.469/aws-java-sdk-opsworkscm-1.11.469.jar:/Users/ricardo/.m2/repository/com/amazonaws/aws-java-sdk-support/1.11.469/aws-java-sdk-support-1.11.469.jar:/Users/ricardo/.m2/repository/com/amazonaws/aws-java-sdk-simpledb/1.11.469/aws-java-sdk-simpledb-1.11.469.jar:/Users/ricardo/.m2/repository/com/amazonaws/aws-java-sdk-servicecatalog/1.11.469/aws-java-sdk-servicecatalog-1.11.469.jar:/Users/ricardo/.m2/repository/com/amazonaws/aws-java-sdk-servermigration/1.11.469/aws-java-sdk-servermigration-1.11.469.jar:/Users/ricardo/.m2/repository/com/amazonaws/aws-java-sdk-simpleworkflow/1.11.469/aws-java-sdk-simpleworkflow-1.11.469.jar:/Users/ricardo/.m2/repository/com/amazonaws/aws-java-sdk-storagegateway/1.11.469/aws-java-sdk-storagegateway-1.11.469.jar:/Users/ricardo/.m2/repository/com/amazonaws/aws-java-sdk-route53/1.11.469/aws-java-sdk-route53-1.11.469.jar:/Users/ricardo/.m2/repository/com/amazonaws/aws-java-sdk-s3/1.11.469/aws-java-sdk-s3-1.11.469.jar:/Users/ricardo/.m2/repository/com/amazonaws/aws-java-sdk-importexport/1.11.469/aws-java-sdk-importexport-1.11.469.jar:/Users/ricardo/.m2/repository/com/amazonaws/aws-java-sdk-sts/1.11.469/aws-java-sdk-sts-1.11.469.jar:/Users/ricardo/.m2/repository/com/amazonaws/aws-java-sdk-sqs/1.11.469/aws-java-sdk-sqs-1.11.469.jar:/Users/ricardo/.m2/repository/com/amazonaws/aws-java-sdk-rds/1.11.469/aws-java-sdk-rds-1.11.469.jar:/Users/ricardo/.m2/repository/com/amazonaws/aws-java-sdk-redshift/1.11.469/aws-java-sdk-redshift-1.11.469.jar:/Users/ricardo/.m2/repository/com/amazonaws/aws-java-sdk-elasticbeanstalk/1.11.469/aws-java-sdk-elasticbeanstalk-1.11.469.jar:/Users/ricardo/.m2/repository/com/amazonaws/aws-java-sdk-glacier/1.11.469/aws-java-sdk-glacier-1.11.469.jar:/Users/ricardo/.m2/repository/com/amazonaws/aws-java-sdk-iam/1.11.469/aws-java-sdk-iam-1.11.469.jar:/Users/ricardo/.m2/repository/com/amazonaws/aws-java-sdk-datapipeline/1.11.469/aws-java-sdk-datapipeline-1.11.469.jar:/Users/ricardo/.m2/repository/com/amazonaws/aws-java-sdk-elasticloadbalancing/1.11.469/aws-java-sdk-elasticloadbalancing-1.11.469.jar:/Users/ricardo/.m2/repository/com/amazonaws/aws-java-sdk-elasticloadbalancingv2/1.11.469/aws-java-sdk-elasticloadbalancingv2-1.11.469.jar:/Users/ricardo/.m2/repository/com/amazonaws/aws-java-sdk-emr/1.11.469/aws-java-sdk-emr-1.11.469.jar:/Users/ricardo/.m2/repository/com/amazonaws/aws-java-sdk-elasticache/1.11.469/aws-java-sdk-elasticache-1.11.469.jar:/Users/ricardo/.m2/repository/com/amazonaws/aws-java-sdk-elastictranscoder/1.11.469/aws-java-sdk-elastictranscoder-1.11.469.jar:/Users/ricardo/.m2/repository/com/amazonaws/aws-java-sdk-ec2/1.11.469/aws-java-sdk-ec2-1.11.469.jar:/Users/ricardo/.m2/repository/com/amazonaws/aws-java-sdk-dynamodb/1.11.469/aws-java-sdk-dynamodb-1.11.469.jar:/Users/ricardo/.m2/repository/com/amazonaws/aws-java-sdk-sns/1.11.469/aws-java-sdk-sns-1.11.469.jar:/Users/ricardo/.m2/repository/com/amazonaws/aws-java-sdk-budgets/1.11.469/aws-java-sdk-budgets-1.11.469.jar:/Users/ricardo/.m2/repository/com/amazonaws/aws-java-sdk-cloudtrail/1.11.469/aws-java-sdk-cloudtrail-1.11.469.jar:/Users/ricardo/.m2/repository/com/amazonaws/aws-java-sdk-cloudwatch/1.11.469/aws-java-sdk-cloudwatch-1.11.469.jar:/Users/ricardo/.m2/repository/com/amazonaws/aws-java-sdk-logs/1.11.469/aws-java-sdk-logs-1.11.469.jar:/Users/ricardo/.m2/repository/com/amazonaws/aws-java-sdk-events/1.11.469/aws-java-sdk-events-1.11.469.jar:/Users/ricardo/.m2/repository/com/amazonaws/aws-java-sdk-cognitoidentity/1.11.469/aws-java-sdk-cognitoidentity-1.11.469.jar:/Users/ricardo/.m2/repository/com/amazonaws/aws-java-sdk-cognitosync/1.11.469/aws-java-sdk-cognitosync-1.11.469.jar:/Users/ricardo/.m2/repository/com/amazonaws/aws-java-sdk-directconnect/1.11.469/aws-java-sdk-directconnect-1.11.469.jar:/Users/ricardo/.m2/repository/com/amazonaws/aws-java-sdk-cloudformation/1.11.469/aws-java-sdk-cloudformation-1.11.469.jar:/Users/ricardo/.m2/repository/com/amazonaws/aws-java-sdk-cloudfront/1.11.469/aws-java-sdk-cloudfront-1.11.469.jar:/Users/ricardo/.m2/repository/com/amazonaws/aws-java-sdk-clouddirectory/1.11.469/aws-java-sdk-clouddirectory-1.11.469.jar:/Users/ricardo/.m2/repository/com/amazonaws/aws-java-sdk-kinesis/1.11.469/aws-java-sdk-kinesis-1.11.469.jar:/Users/ricardo/.m2/repository/com/amazonaws/aws-java-sdk-opsworks/1.11.469/aws-java-sdk-opsworks-1.11.469.jar:/Users/ricardo/.m2/repository/com/amazonaws/aws-java-sdk-ses/1.11.469/aws-java-sdk-ses-1.11.469.jar:/Users/ricardo/.m2/repository/com/amazonaws/aws-java-sdk-autoscaling/1.11.469/aws-java-sdk-autoscaling-1.11.469.jar:/Users/ricardo/.m2/repository/com/amazonaws/aws-java-sdk-cloudsearch/1.11.469/aws-java-sdk-cloudsearch-1.11.469.jar:/Users/ricardo/.m2/repository/com/amazonaws/aws-java-sdk-cloudwatchmetrics/1.11.469/aws-java-sdk-cloudwatchmetrics-1.11.469.jar:/Users/ricardo/.m2/repository/com/amazonaws/aws-java-sdk-codedeploy/1.11.469/aws-java-sdk-codedeploy-1.11.469.jar:/Users/ricardo/.m2/repository/com/amazonaws/aws-java-sdk-codepipeline/1.11.469/aws-java-sdk-codepipeline-1.11.469.jar:/Users/ricardo/.m2/repository/com/amazonaws/aws-java-sdk-kms/1.11.469/aws-java-sdk-kms-1.11.469.jar:/Users/ricardo/.m2/repository/com/amazonaws/aws-java-sdk-config/1.11.469/aws-java-sdk-config-1.11.469.jar:/Users/ricardo/.m2/repository/com/amazonaws/aws-java-sdk-lambda/1.11.469/aws-java-sdk-lambda-1.11.469.jar:/Users/ricardo/.m2/repository/com/amazonaws/aws-java-sdk-ecs/1.11.469/aws-java-sdk-ecs-1.11.469.jar:/Users/ricardo/.m2/repository/com/amazonaws/aws-java-sdk-ecr/1.11.469/aws-java-sdk-ecr-1.11.469.jar:/Users/ricardo/.m2/repository/com/amazonaws/aws-java-sdk-cloudhsm/1.11.469/aws-java-sdk-cloudhsm-1.11.469.jar:/Users/ricardo/.m2/repository/com/amazonaws/aws-java-sdk-ssm/1.11.469/aws-java-sdk-ssm-1.11.469.jar:/Users/ricardo/.m2/repository/com/amazonaws/aws-java-sdk-workspaces/1.11.469/aws-java-sdk-workspaces-1.11.469.jar:/Users/ricardo/.m2/repository/com/amazonaws/aws-java-sdk-machinelearning/1.11.469/aws-java-sdk-machinelearning-1.11.469.jar:/Users/ricardo/.m2/repository/com/amazonaws/aws-java-sdk-directory/1.11.469/aws-java-sdk-directory-1.11.469.jar:/Users/ricardo/.m2/repository/com/amazonaws/aws-java-sdk-efs/1.11.469/aws-java-sdk-efs-1.11.469.jar:/Users/ricardo/.m2/repository/com/amazonaws/aws-java-sdk-codecommit/1.11.469/aws-java-sdk-codecommit-1.11.469.jar:/Users/ricardo/.m2/repository/com/amazonaws/aws-java-sdk-devicefarm/1.11.469/aws-java-sdk-devicefarm-1.11.469.jar:/Users/ricardo/.m2/repository/com/amazonaws/aws-java-sdk-elasticsearch/1.11.469/aws-java-sdk-elasticsearch-1.11.469.jar:/Users/ricardo/.m2/repository/com/amazonaws/aws-java-sdk-waf/1.11.469/aws-java-sdk-waf-1.11.469.jar:/Users/ricardo/.m2/repository/com/amazonaws/aws-java-sdk-marketplacecommerceanalytics/1.11.469/aws-java-sdk-marketplacecommerceanalytics-1.11.469.jar:/Users/ricardo/.m2/repository/com/amazonaws/aws-java-sdk-inspector/1.11.469/aws-java-sdk-inspector-1.11.469.jar:/Users/ricardo/.m2/repository/com/amazonaws/aws-java-sdk-iot/1.11.469/aws-java-sdk-iot-1.11.469.jar:/Users/ricardo/.m2/repository/com/amazonaws/aws-java-sdk-api-gateway/1.11.469/aws-java-sdk-api-gateway-1.11.469.jar:/Users/ricardo/.m2/repository/com/amazonaws/aws-java-sdk-acm/1.11.469/aws-java-sdk-acm-1.11.469.jar:/Users/ricardo/.m2/repository/com/amazonaws/aws-java-sdk-gamelift/1.11.469/aws-java-sdk-gamelift-1.11.469.jar:/Users/ricardo/.m2/repository/com/amazonaws/aws-java-sdk-dms/1.11.469/aws-java-sdk-dms-1.11.469.jar:/Users/ricardo/.m2/repository/com/amazonaws/aws-java-sdk-marketplacemeteringservice/1.11.469/aws-java-sdk-marketplacemeteringservice-1.11.469.jar:/Users/ricardo/.m2/repository/com/amazonaws/aws-java-sdk-cognitoidp/1.11.469/aws-java-sdk-cognitoidp-1.11.469.jar:/Users/ricardo/.m2/repository/com/amazonaws/aws-java-sdk-discovery/1.11.469/aws-java-sdk-discovery-1.11.469.jar:/Users/ricardo/.m2/repository/com/amazonaws/aws-java-sdk-applicationautoscaling/1.11.469/aws-java-sdk-applicationautoscaling-1.11.469.jar:/Users/ricardo/.m2/repository/com/amazonaws/aws-java-sdk-snowball/1.11.469/aws-java-sdk-snowball-1.11.469.jar:/Users/ricardo/.m2/repository/com/amazonaws/aws-java-sdk-rekognition/1.11.469/aws-java-sdk-rekognition-1.11.469.jar:/Users/ricardo/.m2/repository/com/amazonaws/aws-java-sdk-polly/1.11.469/aws-java-sdk-polly-1.11.469.jar:/Users/ricardo/.m2/repository/com/amazonaws/aws-java-sdk-lightsail/1.11.469/aws-java-sdk-lightsail-1.11.469.jar:/Users/ricardo/.m2/repository/com/amazonaws/aws-java-sdk-stepfunctions/1.11.469/aws-java-sdk-stepfunctions-1.11.469.jar:/Users/ricardo/.m2/repository/com/amazonaws/aws-java-sdk-health/1.11.469/aws-java-sdk-health-1.11.469.jar:/Users/ricardo/.m2/repository/com/amazonaws/aws-java-sdk-costandusagereport/1.11.469/aws-java-sdk-costandusagereport-1.11.469.jar:/Users/ricardo/.m2/repository/com/amazonaws/aws-java-sdk-codebuild/1.11.469/aws-java-sdk-codebuild-1.11.469.jar:/Users/ricardo/.m2/repository/com/amazonaws/aws-java-sdk-appstream/1.11.469/aws-java-sdk-appstream-1.11.469.jar:/Users/ricardo/.m2/repository/com/amazonaws/aws-java-sdk-shield/1.11.469/aws-java-sdk-shield-1.11.469.jar:/Users/ricardo/.m2/repository/com/amazonaws/aws-java-sdk-batch/1.11.469/aws-java-sdk-batch-1.11.469.jar:/Users/ricardo/.m2/repository/com/amazonaws/aws-java-sdk-lex/1.11.469/aws-java-sdk-lex-1.11.469.jar:/Users/ricardo/.m2/repository/com/amazonaws/aws-java-sdk-mechanicalturkrequester/1.11.469/aws-java-sdk-mechanicalturkrequester-1.11.469.jar:/Users/ricardo/.m2/repository/com/amazonaws/aws-java-sdk-organizations/1.11.469/aws-java-sdk-organizations-1.11.469.jar:/Users/ricardo/.m2/repository/com/amazonaws/aws-java-sdk-workdocs/1.11.469/aws-java-sdk-workdocs-1.11.469.jar:/Users/ricardo/.m2/repository/com/amazonaws/aws-java-sdk-core/1.11.469/aws-java-sdk-core-1.11.469.jar:/Users/ricardo/.m2/repository/commons-logging/commons-logging/1.1.3/commons-logging-1.1.3.jar:/Users/ricardo/.m2/repository/org/apache/httpcomponents/httpclient/4.5.10/httpclient-4.5.10.jar:/Users/ricardo/.m2/repository/org/apache/httpcomponents/httpcore/4.4.13/httpcore-4.4.13.jar:/Users/ricardo/.m2/repository/commons-codec/commons-codec/1.13/commons-codec-1.13.jar:/Users/ricardo/.m2/repository/software/amazon/ion/ion-java/1.0.2/ion-java-1.0.2.jar:/Users/ricardo/.m2/repository/com/fasterxml/jackson/dataformat/jackson-dataformat-cbor/2.10.2/jackson-dataformat-cbor-2.10.2.jar:/Users/ricardo/.m2/repository/joda-time/joda-time/2.10.5/joda-time-2.10.5.jar:/Users/ricardo/.m2/repository/com/amazonaws/aws-java-sdk-models/1.11.469/aws-java-sdk-models-1.11.469.jar:/Users/ricardo/.m2/repository/com/amazonaws/aws-java-sdk-swf-libraries/1.11.22/aws-java-sdk-swf-libraries-1.11.22.jar:"/>
    <property name="java.vm.vendor" value="Oracle Corporation"/>
    <property name="sun.arch.data.model" value="64"/>
    <property name="java.vendor.url" value="https://java.oracle.com/"/>
    <property name="os.name" value="Mac OS X"/>
    <property name="java.vm.specification.version" value="12"/>
    <property name="sun.java.launcher" value="SUN_STANDARD"/>
    <property name="user.country" value="US"/>
    <property name="sun.boot.library.path" value="/Library/Java/JavaVirtualMachines/jdk-12.0.2.jdk/Contents/Home/lib"/>
    <property name="sun.java.command" value="/Users/ricardo/Desktop/csye6225_assignment/target/surefire/surefirebooter9459496652081793332.jar /Users/ricardo/Desktop/csye6225_assignment/target/surefire 2020-03-18T09-12-46_596-jvmRun1 surefire9406100449054614125tmp surefire_012999431175301151083tmp"/>
    <property name="http.nonProxyHosts" value="local|*.local|169.254/16|*.169.254/16"/>
    <property name="jdk.debug" value="release"/>
    <property name="surefire.test.class.path" value="/Users/ricardo/Desktop/csye6225_assignment/target/test-classes:/Users/ricardo/Desktop/csye6225_assignment/target/classes:/Users/ricardo/.m2/repository/org/springframework/boot/spring-boot-starter-web/2.2.4.RELEASE/spring-boot-starter-web-2.2.4.RELEASE.jar:/Users/ricardo/.m2/repository/org/springframework/boot/spring-boot-starter/2.2.4.RELEASE/spring-boot-starter-2.2.4.RELEASE.jar:/Users/ricardo/.m2/repository/org/springframework/boot/spring-boot/2.2.4.RELEASE/spring-boot-2.2.4.RELEASE.jar:/Users/ricardo/.m2/repository/org/springframework/boot/spring-boot-autoconfigure/2.2.4.RELEASE/spring-boot-autoconfigure-2.2.4.RELEASE.jar:/Users/ricardo/.m2/repository/org/springframework/boot/spring-boot-starter-logging/2.2.4.RELEASE/spring-boot-starter-logging-2.2.4.RELEASE.jar:/Users/ricardo/.m2/repository/ch/qos/logback/logback-classic/1.2.3/logback-classic-1.2.3.jar:/Users/ricardo/.m2/repository/ch/qos/logback/logback-core/1.2.3/logback-core-1.2.3.jar:/Users/ricardo/.m2/repository/org/apache/logging/log4j/log4j-to-slf4j/2.12.1/log4j-to-slf4j-2.12.1.jar:/Users/ricardo/.m2/repository/org/apache/logging/log4j/log4j-api/2.12.1/log4j-api-2.12.1.jar:/Users/ricardo/.m2/repository/org/slf4j/jul-to-slf4j/1.7.30/jul-to-slf4j-1.7.30.jar:/Users/ricardo/.m2/repository/jakarta/annotation/jakarta.annotation-api/1.3.5/jakarta.annotation-api-1.3.5.jar:/Users/ricardo/.m2/repository/org/yaml/snakeyaml/1.25/snakeyaml-1.25.jar:/Users/ricardo/.m2/repository/org/springframework/boot/spring-boot-starter-json/2.2.4.RELEASE/spring-boot-starter-json-2.2.4.RELEASE.jar:/Users/ricardo/.m2/repository/com/fasterxml/jackson/core/jackson-databind/2.10.2/jackson-databind-2.10.2.jar:/Users/ricardo/.m2/repository/com/fasterxml/jackson/core/jackson-annotations/2.10.2/jackson-annotations-2.10.2.jar:/Users/ricardo/.m2/repository/com/fasterxml/jackson/core/jackson-core/2.10.2/jackson-core-2.10.2.jar:/Users/ricardo/.m2/repository/com/fasterxml/jackson/datatype/jackson-datatype-jdk8/2.10.2/jackson-datatype-jdk8-2.10.2.jar:/Users/ricardo/.m2/repository/com/fasterxml/jackson/datatype/jackson-datatype-jsr310/2.10.2/jackson-datatype-jsr310-2.10.2.jar:/Users/ricardo/.m2/repository/com/fasterxml/jackson/module/jackson-module-parameter-names/2.10.2/jackson-module-parameter-names-2.10.2.jar:/Users/ricardo/.m2/repository/org/springframework/boot/spring-boot-starter-tomcat/2.2.4.RELEASE/spring-boot-starter-tomcat-2.2.4.RELEASE.jar:/Users/ricardo/.m2/repository/org/apache/tomcat/embed/tomcat-embed-core/9.0.30/tomcat-embed-core-9.0.30.jar:/Users/ricardo/.m2/repository/org/apache/tomcat/embed/tomcat-embed-el/9.0.30/tomcat-embed-el-9.0.30.jar:/Users/ricardo/.m2/repository/org/apache/tomcat/embed/tomcat-embed-websocket/9.0.30/tomcat-embed-websocket-9.0.30.jar:/Users/ricardo/.m2/repository/org/springframework/boot/spring-boot-starter-validation/2.2.4.RELEASE/spring-boot-starter-validation-2.2.4.RELEASE.jar:/Users/ricardo/.m2/repository/jakarta/validation/jakarta.validation-api/2.0.2/jakarta.validation-api-2.0.2.jar:/Users/ricardo/.m2/repository/org/hibernate/validator/hibernate-validator/6.0.18.Final/hibernate-validator-6.0.18.Final.jar:/Users/ricardo/.m2/repository/org/jboss/logging/jboss-logging/3.4.1.Final/jboss-logging-3.4.1.Final.jar:/Users/ricardo/.m2/repository/com/fasterxml/classmate/1.5.1/classmate-1.5.1.jar:/Users/ricardo/.m2/repository/org/springframework/spring-web/5.2.3.RELEASE/spring-web-5.2.3.RELEASE.jar:/Users/ricardo/.m2/repository/org/springframework/spring-webmvc/5.2.3.RELEASE/spring-webmvc-5.2.3.RELEASE.jar:/Users/ricardo/.m2/repository/org/springframework/spring-aop/5.2.3.RELEASE/spring-aop-5.2.3.RELEASE.jar:/Users/ricardo/.m2/repository/org/springframework/spring-context/5.2.3.RELEASE/spring-context-5.2.3.RELEASE.jar:/Users/ricardo/.m2/repository/org/springframework/spring-expression/5.2.3.RELEASE/spring-expression-5.2.3.RELEASE.jar:/Users/ricardo/.m2/repository/org/mybatis/spring/boot/mybatis-spring-boot-starter/2.1.1/mybatis-spring-boot-starter-2.1.1.jar:/Users/ricardo/.m2/repository/org/springframework/boot/spring-boot-starter-jdbc/2.2.4.RELEASE/spring-boot-starter-jdbc-2.2.4.RELEASE.jar:/Users/ricardo/.m2/repository/com/zaxxer/HikariCP/3.4.2/HikariCP-3.4.2.jar:/Users/ricardo/.m2/repository/org/springframework/spring-jdbc/5.2.3.RELEASE/spring-jdbc-5.2.3.RELEASE.jar:/Users/ricardo/.m2/repository/org/mybatis/spring/boot/mybatis-spring-boot-autoconfigure/2.1.1/mybatis-spring-boot-autoconfigure-2.1.1.jar:/Users/ricardo/.m2/repository/org/mybatis/mybatis/3.5.3/mybatis-3.5.3.jar:/Users/ricardo/.m2/repository/org/mybatis/mybatis-spring/2.0.3/mybatis-spring-2.0.3.jar:/Users/ricardo/.m2/repository/org/springframework/boot/spring-boot-starter-test/2.2.4.RELEASE/spring-boot-starter-test-2.2.4.RELEASE.jar:/Users/ricardo/.m2/repository/org/springframework/boot/spring-boot-test/2.2.4.RELEASE/spring-boot-test-2.2.4.RELEASE.jar:/Users/ricardo/.m2/repository/org/springframework/boot/spring-boot-test-autoconfigure/2.2.4.RELEASE/spring-boot-test-autoconfigure-2.2.4.RELEASE.jar:/Users/ricardo/.m2/repository/com/jayway/jsonpath/json-path/2.4.0/json-path-2.4.0.jar:/Users/ricardo/.m2/repository/net/minidev/json-smart/2.3/json-smart-2.3.jar:/Users/ricardo/.m2/repository/net/minidev/accessors-smart/1.2/accessors-smart-1.2.jar:/Users/ricardo/.m2/repository/org/ow2/asm/asm/5.0.4/asm-5.0.4.jar:/Users/ricardo/.m2/repository/jakarta/xml/bind/jakarta.xml.bind-api/2.3.2/jakarta.xml.bind-api-2.3.2.jar:/Users/ricardo/.m2/repository/jakarta/activation/jakarta.activation-api/1.2.1/jakarta.activation-api-1.2.1.jar:/Users/ricardo/.m2/repository/org/junit/jupiter/junit-jupiter/5.5.2/junit-jupiter-5.5.2.jar:/Users/ricardo/.m2/repository/org/junit/jupiter/junit-jupiter-params/5.5.2/junit-jupiter-params-5.5.2.jar:/Users/ricardo/.m2/repository/org/mockito/mockito-junit-jupiter/3.1.0/mockito-junit-jupiter-3.1.0.jar:/Users/ricardo/.m2/repository/org/assertj/assertj-core/3.13.2/assertj-core-3.13.2.jar:/Users/ricardo/.m2/repository/org/hamcrest/hamcrest/2.1/hamcrest-2.1.jar:/Users/ricardo/.m2/repository/org/mockito/mockito-core/3.1.0/mockito-core-3.1.0.jar:/Users/ricardo/.m2/repository/net/bytebuddy/byte-buddy/1.10.6/byte-buddy-1.10.6.jar:/Users/ricardo/.m2/repository/net/bytebuddy/byte-buddy-agent/1.10.6/byte-buddy-agent-1.10.6.jar:/Users/ricardo/.m2/repository/org/objenesis/objenesis/2.6/objenesis-2.6.jar:/Users/ricardo/.m2/repository/org/skyscreamer/jsonassert/1.5.0/jsonassert-1.5.0.jar:/Users/ricardo/.m2/repository/com/vaadin/external/google/android-json/0.0.20131108.vaadin1/android-json-0.0.20131108.vaadin1.jar:/Users/ricardo/.m2/repository/org/springframework/spring-core/5.2.3.RELEASE/spring-core-5.2.3.RELEASE.jar:/Users/ricardo/.m2/repository/org/springframework/spring-jcl/5.2.3.RELEASE/spring-jcl-5.2.3.RELEASE.jar:/Users/ricardo/.m2/repository/org/springframework/spring-test/5.2.3.RELEASE/spring-test-5.2.3.RELEASE.jar:/Users/ricardo/.m2/repository/org/xmlunit/xmlunit-core/2.6.3/xmlunit-core-2.6.3.jar:/Users/ricardo/.m2/repository/org/mybatis/generator/mybatis-generator-core/1.4.0/mybatis-generator-core-1.4.0.jar:/Users/ricardo/.m2/repository/javax/annotation/javax.annotation-api/1.3.2/javax.annotation-api-1.3.2.jar:/Users/ricardo/.m2/repository/mysql/mysql-connector-java/8.0.18/mysql-connector-java-8.0.18.jar:/Users/ricardo/.m2/repository/org/springframework/data/spring-data-commons/2.2.3.RELEASE/spring-data-commons-2.2.3.RELEASE.jar:/Users/ricardo/.m2/repository/org/springframework/spring-beans/5.2.3.RELEASE/spring-beans-5.2.3.RELEASE.jar:/Users/ricardo/.m2/repository/org/slf4j/slf4j-api/1.7.30/slf4j-api-1.7.30.jar:/Users/ricardo/.m2/repository/org/apache/ibatis/ibatis-sqlmap/3.0-beta-10/ibatis-sqlmap-3.0-beta-10.jar:/Users/ricardo/.m2/repository/org/springframework/boot/spring-boot-starter-data-redis/2.2.2.RELEASE/spring-boot-starter-data-redis-2.2.2.RELEASE.jar:/Users/ricardo/.m2/repository/org/springframework/data/spring-data-redis/2.2.4.RELEASE/spring-data-redis-2.2.4.RELEASE.jar:/Users/ricardo/.m2/repository/org/springframework/data/spring-data-keyvalue/2.2.4.RELEASE/spring-data-keyvalue-2.2.4.RELEASE.jar:/Users/ricardo/.m2/repository/org/springframework/spring-tx/5.2.3.RELEASE/spring-tx-5.2.3.RELEASE.jar:/Users/ricardo/.m2/repository/org/springframework/spring-oxm/5.2.3.RELEASE/spring-oxm-5.2.3.RELEASE.jar:/Users/ricardo/.m2/repository/org/springframework/spring-context-support/5.2.3.RELEASE/spring-context-support-5.2.3.RELEASE.jar:/Users/ricardo/.m2/repository/io/lettuce/lettuce-core/5.2.1.RELEASE/lettuce-core-5.2.1.RELEASE.jar:/Users/ricardo/.m2/repository/io/netty/netty-common/4.1.45.Final/netty-common-4.1.45.Final.jar:/Users/ricardo/.m2/repository/io/netty/netty-handler/4.1.45.Final/netty-handler-4.1.45.Final.jar:/Users/ricardo/.m2/repository/io/netty/netty-buffer/4.1.45.Final/netty-buffer-4.1.45.Final.jar:/Users/ricardo/.m2/repository/io/netty/netty-codec/4.1.45.Final/netty-codec-4.1.45.Final.jar:/Users/ricardo/.m2/repository/io/netty/netty-transport/4.1.45.Final/netty-transport-4.1.45.Final.jar:/Users/ricardo/.m2/repository/io/netty/netty-resolver/4.1.45.Final/netty-resolver-4.1.45.Final.jar:/Users/ricardo/.m2/repository/io/projectreactor/reactor-core/3.3.2.RELEASE/reactor-core-3.3.2.RELEASE.jar:/Users/ricardo/.m2/repository/org/reactivestreams/reactive-streams/1.0.3/reactive-streams-1.0.3.jar:/Users/ricardo/.m2/repository/org/mindrot/jbcrypt/0.4/jbcrypt-0.4.jar:/Users/ricardo/.m2/repository/cn/hutool/hutool-all/5.1.0/hutool-all-5.1.0.jar:/Users/ricardo/.m2/repository/org/junit/jupiter/junit-jupiter-engine/5.1.0/junit-jupiter-engine-5.1.0.jar:/Users/ricardo/.m2/repository/org/apiguardian/apiguardian-api/1.0.0/apiguardian-api-1.0.0.jar:/Users/ricardo/.m2/repository/org/junit/platform/junit-platform-engine/1.5.2/junit-platform-engine-1.5.2.jar:/Users/ricardo/.m2/repository/org/opentest4j/opentest4j/1.2.0/opentest4j-1.2.0.jar:/Users/ricardo/.m2/repository/org/junit/platform/junit-platform-commons/1.5.2/junit-platform-commons-1.5.2.jar:/Users/ricardo/.m2/repository/org/junit/jupiter/junit-jupiter-api/5.5.2/junit-jupiter-api-5.5.2.jar:/Users/ricardo/.m2/repository/junit/junit/4.12/junit-4.12.jar:/Users/ricardo/.m2/repository/org/hamcrest/hamcrest-core/2.1/hamcrest-core-2.1.jar:/Users/ricardo/.m2/repository/org/eclipse/persistence/javax.persistence/2.2.1/javax.persistence-2.2.1.jar:/Users/ricardo/.m2/repository/com/amazonaws/aws-java-sdk/1.11.469/aws-java-sdk-1.11.469.jar:/Users/ricardo/.m2/repository/com/amazonaws/aws-java-sdk-kafka/1.11.469/aws-java-sdk-kafka-1.11.469.jar:/Users/ricardo/.m2/repository/com/amazonaws/jmespath-java/1.11.469/jmespath-java-1.11.469.jar:/Users/ricardo/.m2/repository/com/amazonaws/aws-java-sdk-appmesh/1.11.469/aws-java-sdk-appmesh-1.11.469.jar:/Users/ricardo/.m2/repository/com/amazonaws/aws-java-sdk-licensemanager/1.11.469/aws-java-sdk-licensemanager-1.11.469.jar:/Users/ricardo/.m2/repository/com/amazonaws/aws-java-sdk-securityhub/1.11.469/aws-java-sdk-securityhub-1.11.469.jar:/Users/ricardo/.m2/repository/com/amazonaws/aws-java-sdk-fsx/1.11.469/aws-java-sdk-fsx-1.11.469.jar:/Users/ricardo/.m2/repository/com/amazonaws/aws-java-sdk-mediaconnect/1.11.469/aws-java-sdk-mediaconnect-1.11.469.jar:/Users/ricardo/.m2/repository/com/amazonaws/aws-java-sdk-kinesisanalyticsv2/1.11.469/aws-java-sdk-kinesisanalyticsv2-1.11.469.jar:/Users/ricardo/.m2/repository/com/amazonaws/aws-java-sdk-comprehendmedical/1.11.469/aws-java-sdk-comprehendmedical-1.11.469.jar:/Users/ricardo/.m2/repository/com/amazonaws/aws-java-sdk-globalaccelerator/1.11.469/aws-java-sdk-globalaccelerator-1.11.469.jar:/Users/ricardo/.m2/repository/com/amazonaws/aws-java-sdk-transfer/1.11.469/aws-java-sdk-transfer-1.11.469.jar:/Users/ricardo/.m2/repository/com/amazonaws/aws-java-sdk-datasync/1.11.469/aws-java-sdk-datasync-1.11.469.jar:/Users/ricardo/.m2/repository/com/amazonaws/aws-java-sdk-robomaker/1.11.469/aws-java-sdk-robomaker-1.11.469.jar:/Users/ricardo/.m2/repository/com/amazonaws/aws-java-sdk-amplify/1.11.469/aws-java-sdk-amplify-1.11.469.jar:/Users/ricardo/.m2/repository/com/amazonaws/aws-java-sdk-quicksight/1.11.469/aws-java-sdk-quicksight-1.11.469.jar:/Users/ricardo/.m2/repository/com/amazonaws/aws-java-sdk-rdsdata/1.11.469/aws-java-sdk-rdsdata-1.11.469.jar:/Users/ricardo/.m2/repository/com/amazonaws/aws-java-sdk-route53resolver/1.11.469/aws-java-sdk-route53resolver-1.11.469.jar:/Users/ricardo/.m2/repository/com/amazonaws/aws-java-sdk-ram/1.11.469/aws-java-sdk-ram-1.11.469.jar:/Users/ricardo/.m2/repository/com/amazonaws/aws-java-sdk-s3control/1.11.469/aws-java-sdk-s3control-1.11.469.jar:/Users/ricardo/.m2/repository/com/amazonaws/aws-java-sdk-pinpointsmsvoice/1.11.469/aws-java-sdk-pinpointsmsvoice-1.11.469.jar:/Users/ricardo/.m2/repository/com/amazonaws/aws-java-sdk-pinpointemail/1.11.469/aws-java-sdk-pinpointemail-1.11.469.jar:/Users/ricardo/.m2/repository/com/amazonaws/aws-java-sdk-chime/1.11.469/aws-java-sdk-chime-1.11.469.jar:/Users/ricardo/.m2/repository/com/amazonaws/aws-java-sdk-signer/1.11.469/aws-java-sdk-signer-1.11.469.jar:/Users/ricardo/.m2/repository/com/amazonaws/aws-java-sdk-dlm/1.11.469/aws-java-sdk-dlm-1.11.469.jar:/Users/ricardo/.m2/repository/com/amazonaws/aws-java-sdk-macie/1.11.469/aws-java-sdk-macie-1.11.469.jar:/Users/ricardo/.m2/repository/com/amazonaws/aws-java-sdk-eks/1.11.469/aws-java-sdk-eks-1.11.469.jar:/Users/ricardo/.m2/repository/com/amazonaws/aws-java-sdk-mediatailor/1.11.469/aws-java-sdk-mediatailor-1.11.469.jar:/Users/ricardo/.m2/repository/com/amazonaws/aws-java-sdk-neptune/1.11.469/aws-java-sdk-neptune-1.11.469.jar:/Users/ricardo/.m2/repository/com/amazonaws/aws-java-sdk-pi/1.11.469/aws-java-sdk-pi-1.11.469.jar:/Users/ricardo/.m2/repository/com/amazonaws/aws-java-sdk-iot1clickprojects/1.11.469/aws-java-sdk-iot1clickprojects-1.11.469.jar:/Users/ricardo/.m2/repository/com/amazonaws/aws-java-sdk-iot1clickdevices/1.11.469/aws-java-sdk-iot1clickdevices-1.11.469.jar:/Users/ricardo/.m2/repository/com/amazonaws/aws-java-sdk-iotanalytics/1.11.469/aws-java-sdk-iotanalytics-1.11.469.jar:/Users/ricardo/.m2/repository/com/amazonaws/aws-java-sdk-acmpca/1.11.469/aws-java-sdk-acmpca-1.11.469.jar:/Users/ricardo/.m2/repository/com/amazonaws/aws-java-sdk-secretsmanager/1.11.469/aws-java-sdk-secretsmanager-1.11.469.jar:/Users/ricardo/.m2/repository/com/amazonaws/aws-java-sdk-fms/1.11.469/aws-java-sdk-fms-1.11.469.jar:/Users/ricardo/.m2/repository/com/amazonaws/aws-java-sdk-connect/1.11.469/aws-java-sdk-connect-1.11.469.jar:/Users/ricardo/.m2/repository/com/amazonaws/aws-java-sdk-transcribe/1.11.469/aws-java-sdk-transcribe-1.11.469.jar:/Users/ricardo/.m2/repository/com/amazonaws/aws-java-sdk-autoscalingplans/1.11.469/aws-java-sdk-autoscalingplans-1.11.469.jar:/Users/ricardo/.m2/repository/com/amazonaws/aws-java-sdk-workmail/1.11.469/aws-java-sdk-workmail-1.11.469.jar:/Users/ricardo/.m2/repository/com/amazonaws/aws-java-sdk-servicediscovery/1.11.469/aws-java-sdk-servicediscovery-1.11.469.jar:/Users/ricardo/.m2/repository/com/amazonaws/aws-java-sdk-cloud9/1.11.469/aws-java-sdk-cloud9-1.11.469.jar:/Users/ricardo/.m2/repository/com/amazonaws/aws-java-sdk-serverlessapplicationrepository/1.11.469/aws-java-sdk-serverlessapplicationrepository-1.11.469.jar:/Users/ricardo/.m2/repository/com/amazonaws/aws-java-sdk-alexaforbusiness/1.11.469/aws-java-sdk-alexaforbusiness-1.11.469.jar:/Users/ricardo/.m2/repository/com/amazonaws/aws-java-sdk-resourcegroups/1.11.469/aws-java-sdk-resourcegroups-1.11.469.jar:/Users/ricardo/.m2/repository/com/amazonaws/aws-java-sdk-comprehend/1.11.469/aws-java-sdk-comprehend-1.11.469.jar:/Users/ricardo/.m2/repository/com/amazonaws/aws-java-sdk-translate/1.11.469/aws-java-sdk-translate-1.11.469.jar:/Users/ricardo/.m2/repository/com/amazonaws/aws-java-sdk-sagemaker/1.11.469/aws-java-sdk-sagemaker-1.11.469.jar:/Users/ricardo/.m2/repository/com/amazonaws/aws-java-sdk-iotjobsdataplane/1.11.469/aws-java-sdk-iotjobsdataplane-1.11.469.jar:/Users/ricardo/.m2/repository/com/amazonaws/aws-java-sdk-sagemakerruntime/1.11.469/aws-java-sdk-sagemakerruntime-1.11.469.jar:/Users/ricardo/.m2/repository/com/amazonaws/aws-java-sdk-kinesisvideo/1.11.469/aws-java-sdk-kinesisvideo-1.11.469.jar:/Users/ricardo/.m2/repository/io/netty/netty-codec-http/4.1.45.Final/netty-codec-http-4.1.45.Final.jar:/Users/ricardo/.m2/repository/com/amazonaws/aws-java-sdk-appsync/1.11.469/aws-java-sdk-appsync-1.11.469.jar:/Users/ricardo/.m2/repository/com/amazonaws/aws-java-sdk-guardduty/1.11.469/aws-java-sdk-guardduty-1.11.469.jar:/Users/ricardo/.m2/repository/com/amazonaws/aws-java-sdk-mq/1.11.469/aws-java-sdk-mq-1.11.469.jar:/Users/ricardo/.m2/repository/com/amazonaws/aws-java-sdk-mediaconvert/1.11.469/aws-java-sdk-mediaconvert-1.11.469.jar:/Users/ricardo/.m2/repository/com/amazonaws/aws-java-sdk-mediastore/1.11.469/aws-java-sdk-mediastore-1.11.469.jar:/Users/ricardo/.m2/repository/com/amazonaws/aws-java-sdk-mediastoredata/1.11.469/aws-java-sdk-mediastoredata-1.11.469.jar:/Users/ricardo/.m2/repository/com/amazonaws/aws-java-sdk-medialive/1.11.469/aws-java-sdk-medialive-1.11.469.jar:/Users/ricardo/.m2/repository/com/amazonaws/aws-java-sdk-mediapackage/1.11.469/aws-java-sdk-mediapackage-1.11.469.jar:/Users/ricardo/.m2/repository/com/amazonaws/aws-java-sdk-costexplorer/1.11.469/aws-java-sdk-costexplorer-1.11.469.jar:/Users/ricardo/.m2/repository/com/amazonaws/aws-java-sdk-pricing/1.11.469/aws-java-sdk-pricing-1.11.469.jar:/Users/ricardo/.m2/repository/com/amazonaws/aws-java-sdk-mobile/1.11.469/aws-java-sdk-mobile-1.11.469.jar:/Users/ricardo/.m2/repository/com/amazonaws/aws-java-sdk-cloudhsmv2/1.11.469/aws-java-sdk-cloudhsmv2-1.11.469.jar:/Users/ricardo/.m2/repository/com/amazonaws/aws-java-sdk-glue/1.11.469/aws-java-sdk-glue-1.11.469.jar:/Users/ricardo/.m2/repository/com/amazonaws/aws-java-sdk-migrationhub/1.11.469/aws-java-sdk-migrationhub-1.11.469.jar:/Users/ricardo/.m2/repository/com/amazonaws/aws-java-sdk-dax/1.11.469/aws-java-sdk-dax-1.11.469.jar:/Users/ricardo/.m2/repository/com/amazonaws/aws-java-sdk-greengrass/1.11.469/aws-java-sdk-greengrass-1.11.469.jar:/Users/ricardo/.m2/repository/com/amazonaws/aws-java-sdk-athena/1.11.469/aws-java-sdk-athena-1.11.469.jar:/Users/ricardo/.m2/repository/com/amazonaws/aws-java-sdk-marketplaceentitlement/1.11.469/aws-java-sdk-marketplaceentitlement-1.11.469.jar:/Users/ricardo/.m2/repository/com/amazonaws/aws-java-sdk-codestar/1.11.469/aws-java-sdk-codestar-1.11.469.jar:/Users/ricardo/.m2/repository/com/amazonaws/aws-java-sdk-lexmodelbuilding/1.11.469/aws-java-sdk-lexmodelbuilding-1.11.469.jar:/Users/ricardo/.m2/repository/com/amazonaws/aws-java-sdk-resourcegroupstaggingapi/1.11.469/aws-java-sdk-resourcegroupstaggingapi-1.11.469.jar:/Users/ricardo/.m2/repository/com/amazonaws/aws-java-sdk-pinpoint/1.11.469/aws-java-sdk-pinpoint-1.11.469.jar:/Users/ricardo/.m2/repository/com/amazonaws/aws-java-sdk-xray/1.11.469/aws-java-sdk-xray-1.11.469.jar:/Users/ricardo/.m2/repository/com/amazonaws/aws-java-sdk-opsworkscm/1.11.469/aws-java-sdk-opsworkscm-1.11.469.jar:/Users/ricardo/.m2/repository/com/amazonaws/aws-java-sdk-support/1.11.469/aws-java-sdk-support-1.11.469.jar:/Users/ricardo/.m2/repository/com/amazonaws/aws-java-sdk-simpledb/1.11.469/aws-java-sdk-simpledb-1.11.469.jar:/Users/ricardo/.m2/repository/com/amazonaws/aws-java-sdk-servicecatalog/1.11.469/aws-java-sdk-servicecatalog-1.11.469.jar:/Users/ricardo/.m2/repository/com/amazonaws/aws-java-sdk-servermigration/1.11.469/aws-java-sdk-servermigration-1.11.469.jar:/Users/ricardo/.m2/repository/com/amazonaws/aws-java-sdk-simpleworkflow/1.11.469/aws-java-sdk-simpleworkflow-1.11.469.jar:/Users/ricardo/.m2/repository/com/amazonaws/aws-java-sdk-storagegateway/1.11.469/aws-java-sdk-storagegateway-1.11.469.jar:/Users/ricardo/.m2/repository/com/amazonaws/aws-java-sdk-route53/1.11.469/aws-java-sdk-route53-1.11.469.jar:/Users/ricardo/.m2/repository/com/amazonaws/aws-java-sdk-s3/1.11.469/aws-java-sdk-s3-1.11.469.jar:/Users/ricardo/.m2/repository/com/amazonaws/aws-java-sdk-importexport/1.11.469/aws-java-sdk-importexport-1.11.469.jar:/Users/ricardo/.m2/repository/com/amazonaws/aws-java-sdk-sts/1.11.469/aws-java-sdk-sts-1.11.469.jar:/Users/ricardo/.m2/repository/com/amazonaws/aws-java-sdk-sqs/1.11.469/aws-java-sdk-sqs-1.11.469.jar:/Users/ricardo/.m2/repository/com/amazonaws/aws-java-sdk-rds/1.11.469/aws-java-sdk-rds-1.11.469.jar:/Users/ricardo/.m2/repository/com/amazonaws/aws-java-sdk-redshift/1.11.469/aws-java-sdk-redshift-1.11.469.jar:/Users/ricardo/.m2/repository/com/amazonaws/aws-java-sdk-elasticbeanstalk/1.11.469/aws-java-sdk-elasticbeanstalk-1.11.469.jar:/Users/ricardo/.m2/repository/com/amazonaws/aws-java-sdk-glacier/1.11.469/aws-java-sdk-glacier-1.11.469.jar:/Users/ricardo/.m2/repository/com/amazonaws/aws-java-sdk-iam/1.11.469/aws-java-sdk-iam-1.11.469.jar:/Users/ricardo/.m2/repository/com/amazonaws/aws-java-sdk-datapipeline/1.11.469/aws-java-sdk-datapipeline-1.11.469.jar:/Users/ricardo/.m2/repository/com/amazonaws/aws-java-sdk-elasticloadbalancing/1.11.469/aws-java-sdk-elasticloadbalancing-1.11.469.jar:/Users/ricardo/.m2/repository/com/amazonaws/aws-java-sdk-elasticloadbalancingv2/1.11.469/aws-java-sdk-elasticloadbalancingv2-1.11.469.jar:/Users/ricardo/.m2/repository/com/amazonaws/aws-java-sdk-emr/1.11.469/aws-java-sdk-emr-1.11.469.jar:/Users/ricardo/.m2/repository/com/amazonaws/aws-java-sdk-elasticache/1.11.469/aws-java-sdk-elasticache-1.11.469.jar:/Users/ricardo/.m2/repository/com/amazonaws/aws-java-sdk-elastictranscoder/1.11.469/aws-java-sdk-elastictranscoder-1.11.469.jar:/Users/ricardo/.m2/repository/com/amazonaws/aws-java-sdk-ec2/1.11.469/aws-java-sdk-ec2-1.11.469.jar:/Users/ricardo/.m2/repository/com/amazonaws/aws-java-sdk-dynamodb/1.11.469/aws-java-sdk-dynamodb-1.11.469.jar:/Users/ricardo/.m2/repository/com/amazonaws/aws-java-sdk-sns/1.11.469/aws-java-sdk-sns-1.11.469.jar:/Users/ricardo/.m2/repository/com/amazonaws/aws-java-sdk-budgets/1.11.469/aws-java-sdk-budgets-1.11.469.jar:/Users/ricardo/.m2/repository/com/amazonaws/aws-java-sdk-cloudtrail/1.11.469/aws-java-sdk-cloudtrail-1.11.469.jar:/Users/ricardo/.m2/repository/com/amazonaws/aws-java-sdk-cloudwatch/1.11.469/aws-java-sdk-cloudwatch-1.11.469.jar:/Users/ricardo/.m2/repository/com/amazonaws/aws-java-sdk-logs/1.11.469/aws-java-sdk-logs-1.11.469.jar:/Users/ricardo/.m2/repository/com/amazonaws/aws-java-sdk-events/1.11.469/aws-java-sdk-events-1.11.469.jar:/Users/ricardo/.m2/repository/com/amazonaws/aws-java-sdk-cognitoidentity/1.11.469/aws-java-sdk-cognitoidentity-1.11.469.jar:/Users/ricardo/.m2/repository/com/amazonaws/aws-java-sdk-cognitosync/1.11.469/aws-java-sdk-cognitosync-1.11.469.jar:/Users/ricardo/.m2/repository/com/amazonaws/aws-java-sdk-directconnect/1.11.469/aws-java-sdk-directconnect-1.11.469.jar:/Users/ricardo/.m2/repository/com/amazonaws/aws-java-sdk-cloudformation/1.11.469/aws-java-sdk-cloudformation-1.11.469.jar:/Users/ricardo/.m2/repository/com/amazonaws/aws-java-sdk-cloudfront/1.11.469/aws-java-sdk-cloudfront-1.11.469.jar:/Users/ricardo/.m2/repository/com/amazonaws/aws-java-sdk-clouddirectory/1.11.469/aws-java-sdk-clouddirectory-1.11.469.jar:/Users/ricardo/.m2/repository/com/amazonaws/aws-java-sdk-kinesis/1.11.469/aws-java-sdk-kinesis-1.11.469.jar:/Users/ricardo/.m2/repository/com/amazonaws/aws-java-sdk-opsworks/1.11.469/aws-java-sdk-opsworks-1.11.469.jar:/Users/ricardo/.m2/repository/com/amazonaws/aws-java-sdk-ses/1.11.469/aws-java-sdk-ses-1.11.469.jar:/Users/ricardo/.m2/repository/com/amazonaws/aws-java-sdk-autoscaling/1.11.469/aws-java-sdk-autoscaling-1.11.469.jar:/Users/ricardo/.m2/repository/com/amazonaws/aws-java-sdk-cloudsearch/1.11.469/aws-java-sdk-cloudsearch-1.11.469.jar:/Users/ricardo/.m2/repository/com/amazonaws/aws-java-sdk-cloudwatchmetrics/1.11.469/aws-java-sdk-cloudwatchmetrics-1.11.469.jar:/Users/ricardo/.m2/repository/com/amazonaws/aws-java-sdk-codedeploy/1.11.469/aws-java-sdk-codedeploy-1.11.469.jar:/Users/ricardo/.m2/repository/com/amazonaws/aws-java-sdk-codepipeline/1.11.469/aws-java-sdk-codepipeline-1.11.469.jar:/Users/ricardo/.m2/repository/com/amazonaws/aws-java-sdk-kms/1.11.469/aws-java-sdk-kms-1.11.469.jar:/Users/ricardo/.m2/repository/com/amazonaws/aws-java-sdk-config/1.11.469/aws-java-sdk-config-1.11.469.jar:/Users/ricardo/.m2/repository/com/amazonaws/aws-java-sdk-lambda/1.11.469/aws-java-sdk-lambda-1.11.469.jar:/Users/ricardo/.m2/repository/com/amazonaws/aws-java-sdk-ecs/1.11.469/aws-java-sdk-ecs-1.11.469.jar:/Users/ricardo/.m2/repository/com/amazonaws/aws-java-sdk-ecr/1.11.469/aws-java-sdk-ecr-1.11.469.jar:/Users/ricardo/.m2/repository/com/amazonaws/aws-java-sdk-cloudhsm/1.11.469/aws-java-sdk-cloudhsm-1.11.469.jar:/Users/ricardo/.m2/repository/com/amazonaws/aws-java-sdk-ssm/1.11.469/aws-java-sdk-ssm-1.11.469.jar:/Users/ricardo/.m2/repository/com/amazonaws/aws-java-sdk-workspaces/1.11.469/aws-java-sdk-workspaces-1.11.469.jar:/Users/ricardo/.m2/repository/com/amazonaws/aws-java-sdk-machinelearning/1.11.469/aws-java-sdk-machinelearning-1.11.469.jar:/Users/ricardo/.m2/repository/com/amazonaws/aws-java-sdk-directory/1.11.469/aws-java-sdk-directory-1.11.469.jar:/Users/ricardo/.m2/repository/com/amazonaws/aws-java-sdk-efs/1.11.469/aws-java-sdk-efs-1.11.469.jar:/Users/ricardo/.m2/repository/com/amazonaws/aws-java-sdk-codecommit/1.11.469/aws-java-sdk-codecommit-1.11.469.jar:/Users/ricardo/.m2/repository/com/amazonaws/aws-java-sdk-devicefarm/1.11.469/aws-java-sdk-devicefarm-1.11.469.jar:/Users/ricardo/.m2/repository/com/amazonaws/aws-java-sdk-elasticsearch/1.11.469/aws-java-sdk-elasticsearch-1.11.469.jar:/Users/ricardo/.m2/repository/com/amazonaws/aws-java-sdk-waf/1.11.469/aws-java-sdk-waf-1.11.469.jar:/Users/ricardo/.m2/repository/com/amazonaws/aws-java-sdk-marketplacecommerceanalytics/1.11.469/aws-java-sdk-marketplacecommerceanalytics-1.11.469.jar:/Users/ricardo/.m2/repository/com/amazonaws/aws-java-sdk-inspector/1.11.469/aws-java-sdk-inspector-1.11.469.jar:/Users/ricardo/.m2/repository/com/amazonaws/aws-java-sdk-iot/1.11.469/aws-java-sdk-iot-1.11.469.jar:/Users/ricardo/.m2/repository/com/amazonaws/aws-java-sdk-api-gateway/1.11.469/aws-java-sdk-api-gateway-1.11.469.jar:/Users/ricardo/.m2/repository/com/amazonaws/aws-java-sdk-acm/1.11.469/aws-java-sdk-acm-1.11.469.jar:/Users/ricardo/.m2/repository/com/amazonaws/aws-java-sdk-gamelift/1.11.469/aws-java-sdk-gamelift-1.11.469.jar:/Users/ricardo/.m2/repository/com/amazonaws/aws-java-sdk-dms/1.11.469/aws-java-sdk-dms-1.11.469.jar:/Users/ricardo/.m2/repository/com/amazonaws/aws-java-sdk-marketplacemeteringservice/1.11.469/aws-java-sdk-marketplacemeteringservice-1.11.469.jar:/Users/ricardo/.m2/repository/com/amazonaws/aws-java-sdk-cognitoidp/1.11.469/aws-java-sdk-cognitoidp-1.11.469.jar:/Users/ricardo/.m2/repository/com/amazonaws/aws-java-sdk-discovery/1.11.469/aws-java-sdk-discovery-1.11.469.jar:/Users/ricardo/.m2/repository/com/amazonaws/aws-java-sdk-applicationautoscaling/1.11.469/aws-java-sdk-applicationautoscaling-1.11.469.jar:/Users/ricardo/.m2/repository/com/amazonaws/aws-java-sdk-snowball/1.11.469/aws-java-sdk-snowball-1.11.469.jar:/Users/ricardo/.m2/repository/com/amazonaws/aws-java-sdk-rekognition/1.11.469/aws-java-sdk-rekognition-1.11.469.jar:/Users/ricardo/.m2/repository/com/amazonaws/aws-java-sdk-polly/1.11.469/aws-java-sdk-polly-1.11.469.jar:/Users/ricardo/.m2/repository/com/amazonaws/aws-java-sdk-lightsail/1.11.469/aws-java-sdk-lightsail-1.11.469.jar:/Users/ricardo/.m2/repository/com/amazonaws/aws-java-sdk-stepfunctions/1.11.469/aws-java-sdk-stepfunctions-1.11.469.jar:/Users/ricardo/.m2/repository/com/amazonaws/aws-java-sdk-health/1.11.469/aws-java-sdk-health-1.11.469.jar:/Users/ricardo/.m2/repository/com/amazonaws/aws-java-sdk-costandusagereport/1.11.469/aws-java-sdk-costandusagereport-1.11.469.jar:/Users/ricardo/.m2/repository/com/amazonaws/aws-java-sdk-codebuild/1.11.469/aws-java-sdk-codebuild-1.11.469.jar:/Users/ricardo/.m2/repository/com/amazonaws/aws-java-sdk-appstream/1.11.469/aws-java-sdk-appstream-1.11.469.jar:/Users/ricardo/.m2/repository/com/amazonaws/aws-java-sdk-shield/1.11.469/aws-java-sdk-shield-1.11.469.jar:/Users/ricardo/.m2/repository/com/amazonaws/aws-java-sdk-batch/1.11.469/aws-java-sdk-batch-1.11.469.jar:/Users/ricardo/.m2/repository/com/amazonaws/aws-java-sdk-lex/1.11.469/aws-java-sdk-lex-1.11.469.jar:/Users/ricardo/.m2/repository/com/amazonaws/aws-java-sdk-mechanicalturkrequester/1.11.469/aws-java-sdk-mechanicalturkrequester-1.11.469.jar:/Users/ricardo/.m2/repository/com/amazonaws/aws-java-sdk-organizations/1.11.469/aws-java-sdk-organizations-1.11.469.jar:/Users/ricardo/.m2/repository/com/amazonaws/aws-java-sdk-workdocs/1.11.469/aws-java-sdk-workdocs-1.11.469.jar:/Users/ricardo/.m2/repository/com/amazonaws/aws-java-sdk-core/1.11.469/aws-java-sdk-core-1.11.469.jar:/Users/ricardo/.m2/repository/commons-logging/commons-logging/1.1.3/commons-logging-1.1.3.jar:/Users/ricardo/.m2/repository/org/apache/httpcomponents/httpclient/4.5.10/httpclient-4.5.10.jar:/Users/ricardo/.m2/repository/org/apache/httpcomponents/httpcore/4.4.13/httpcore-4.4.13.jar:/Users/ricardo/.m2/repository/commons-codec/commons-codec/1.13/commons-codec-1.13.jar:/Users/ricardo/.m2/repository/software/amazon/ion/ion-java/1.0.2/ion-java-1.0.2.jar:/Users/ricardo/.m2/repository/com/fasterxml/jackson/dataformat/jackson-dataformat-cbor/2.10.2/jackson-dataformat-cbor-2.10.2.jar:/Users/ricardo/.m2/repository/joda-time/joda-time/2.10.5/joda-time-2.10.5.jar:/Users/ricardo/.m2/repository/com/amazonaws/aws-java-sdk-models/1.11.469/aws-java-sdk-models-1.11.469.jar:/Users/ricardo/.m2/repository/com/amazonaws/aws-java-sdk-swf-libraries/1.11.22/aws-java-sdk-swf-libraries-1.11.22.jar:"/>
    <property name="sun.cpu.endian" value="little"/>
    <property name="user.home" value="/Users/ricardo"/>
    <property name="user.language" value="en"/>
    <property name="java.specification.vendor" value="Oracle Corporation"/>
    <property name="java.version.date" value="2019-07-16"/>
    <property name="java.home" value="/Library/Java/JavaVirtualMachines/jdk-12.0.2.jdk/Contents/Home"/>
    <property name="file.separator" value="/"/>
    <property name="basedir" value="/Users/ricardo/Desktop/csye6225_assignment"/>
    <property name="java.vm.compressedOopsMode" value="Zero based"/>
    <property name="line.separator" value="&#10;"/>
    <property name="java.specification.name" value="Java Platform API Specification"/>
    <property name="java.vm.specification.vendor" value="Oracle Corporation"/>
    <property name="java.awt.graphicsenv" value="sun.awt.CGraphicsEnvironment"/>
    <property name="surefire.real.class.path" value="/Users/ricardo/Desktop/csye6225_assignment/target/surefire/surefirebooter9459496652081793332.jar"/>
    <property name="sun.management.compiler" value="HotSpot 64-Bit Tiered Compilers"/>
    <property name="ftp.nonProxyHosts" value="local|*.local|169.254/16|*.169.254/16"/>
    <property name="java.runtime.version" value="12.0.2+10"/>
    <property name="user.name" value="ricardo"/>
    <property name="path.separator" value=":"/>
    <property name="os.version" value="10.14.6"/>
    <property name="java.runtime.name" value="Java(TM) SE Runtime Environment"/>
    <property name="file.encoding" value="UTF-8"/>
    <property name="java.vm.name" value="Java HotSpot(TM) 64-Bit Server VM"/>
    <property name="localRepository" value="/Users/ricardo/.m2/repository"/>
    <property name="java.vendor.url.bug" value="https://bugreport.java.com/bugreport/"/>
    <property name="java.io.tmpdir" value="/var/folders/jl/0r2v5xm15nz5t6_w2_9cpvh40000gn/T/"/>
    <property name="java.version" value="12.0.2"/>
    <property name="user.dir" value="/Users/ricardo/Desktop/csye6225_assignment"/>
    <property name="os.arch" value="x86_64"/>
    <property name="java.vm.specification.name" value="Java Virtual Machine Specification"/>
    <property name="java.library.path" value="/Users/ricardo/Library/Java/Extensions:/Library/Java/Extensions:/Network/Library/Java/Extensions:/System/Library/Java/Extensions:/usr/lib/java:."/>
    <property name="java.vm.info" value="mixed mode, sharing"/>
    <property name="java.vendor" value="Oracle Corporation"/>
    <property name="java.vm.version" value="12.0.2+10"/>
    <property name="idea.version2019.3" value="true"/>
    <property name="sun.io.unicode.encoding" value="UnicodeBig"/>
    <property name="socksNonProxyHosts" value="local|*.local|169.254/16|*.169.254/16"/>
    <property name="java.class.version" value="56.0"/>
  </properties>
  <testcase name="createAccount" classname="com.csye6225.assignment3.Assignment3ApplicationTests" time="0.001">
    <error message="Failed to load ApplicationContext" type="java.lang.IllegalStateException">java.lang.IllegalStateException: Failed to load ApplicationContext
Caused by: org.springframework.beans.factory.UnsatisfiedDependencyException: Error creating bean with name 'fileController': Unsatisfied dependency expressed through field 's3ImageService'; nested exception is org.springframework.beans.factory.BeanCreationException: Error creating bean with name 'amazonS3ImageService' defined in file [/Users/ricardo/Desktop/csye6225_assignment/target/classes/com/csye6225/assignment3/service/AmazonS3ImageService.class]: Bean instantiation via constructor failed; nested exception is org.springframework.beans.BeanInstantiationException: Failed to instantiate [com.csye6225.assignment3.service.AmazonS3ImageService]: Constructor threw exception; nested exception is java.io.FileNotFoundException: /etc/environment (No such file or directory)
Caused by: org.springframework.beans.factory.BeanCreationException: Error creating bean with name 'amazonS3ImageService' defined in file [/Users/ricardo/Desktop/csye6225_assignment/target/classes/com/csye6225/assignment3/service/AmazonS3ImageService.class]: Bean instantiation via constructor failed; nested exception is org.springframework.beans.BeanInstantiationException: Failed to instantiate [com.csye6225.assignment3.service.AmazonS3ImageService]: Constructor threw exception; nested exception is java.io.FileNotFoundException: /etc/environment (No such file or directory)
Caused by: org.springframework.beans.BeanInstantiationException: Failed to instantiate [com.csye6225.assignment3.service.AmazonS3ImageService]: Constructor threw exception; nested exception is java.io.FileNotFoundException: /etc/environment (No such file or directory)
Caused by: java.io.FileNotFoundException: /etc/environment (No such file or directory)
</error>
    <system-out><![CDATA[09:12:47.401 [main] DEBUG org.springframework.test.context.BootstrapUtils - Instantiating CacheAwareContextLoaderDelegate from class [org.springframework.test.context.cache.DefaultCacheAwareContextLoaderDelegate]
09:12:47.411 [main] DEBUG org.springframework.test.context.BootstrapUtils - Instantiating BootstrapContext using constructor [public org.springframework.test.context.support.DefaultBootstrapContext(java.lang.Class,org.springframework.test.context.CacheAwareContextLoaderDelegate)]
09:12:47.434 [main] DEBUG org.springframework.test.context.BootstrapUtils - Instantiating TestContextBootstrapper for test class [com.csye6225.assignment3.Assignment3ApplicationTests] from class [org.springframework.boot.test.context.SpringBootTestContextBootstrapper]
09:12:47.448 [main] INFO org.springframework.boot.test.context.SpringBootTestContextBootstrapper - Neither @ContextConfiguration nor @ContextHierarchy found for test class [com.csye6225.assignment3.Assignment3ApplicationTests], using SpringBootContextLoader
09:12:47.452 [main] DEBUG org.springframework.test.context.support.AbstractContextLoader - Did not detect default resource location for test class [com.csye6225.assignment3.Assignment3ApplicationTests]: class path resource [com/csye6225/assignment3/Assignment3ApplicationTests-context.xml] does not exist
09:12:47.452 [main] DEBUG org.springframework.test.context.support.AbstractContextLoader - Did not detect default resource location for test class [com.csye6225.assignment3.Assignment3ApplicationTests]: class path resource [com/csye6225/assignment3/Assignment3ApplicationTestsContext.groovy] does not exist
09:12:47.453 [main] INFO org.springframework.test.context.support.AbstractContextLoader - Could not detect default resource locations for test class [com.csye6225.assignment3.Assignment3ApplicationTests]: no resource found for suffixes {-context.xml, Context.groovy}.
09:12:47.453 [main] INFO org.springframework.test.context.support.AnnotationConfigContextLoaderUtils - Could not detect default configuration classes for test class [com.csye6225.assignment3.Assignment3ApplicationTests]: Assignment3ApplicationTests does not declare any static, non-private, non-final, nested classes annotated with @Configuration.
09:12:47.480 [main] DEBUG org.springframework.test.context.support.ActiveProfilesUtils - Could not find an 'annotation declaring class' for annotation type [org.springframework.test.context.ActiveProfiles] and class [com.csye6225.assignment3.Assignment3ApplicationTests]
09:12:47.523 [main] DEBUG org.springframework.context.annotation.ClassPathScanningCandidateComponentProvider - Identified candidate component class: file [/Users/ricardo/Desktop/csye6225_assignment/target/classes/com/csye6225/assignment3/Assignment3Application.class]
09:12:47.523 [main] INFO org.springframework.boot.test.context.SpringBootTestContextBootstrapper - Found @SpringBootConfiguration com.csye6225.assignment3.Assignment3Application for test class com.csye6225.assignment3.Assignment3ApplicationTests
09:12:47.608 [main] DEBUG org.springframework.boot.test.context.SpringBootTestContextBootstrapper - @TestExecutionListeners is not present for class [com.csye6225.assignment3.Assignment3ApplicationTests]: using defaults.
09:12:47.609 [main] INFO org.springframework.boot.test.context.SpringBootTestContextBootstrapper - Loaded default TestExecutionListener class names from location [META-INF/spring.factories]: [org.springframework.boot.test.mock.mockito.MockitoTestExecutionListener, org.springframework.boot.test.mock.mockito.ResetMocksTestExecutionListener, org.springframework.boot.test.autoconfigure.restdocs.RestDocsTestExecutionListener, org.springframework.boot.test.autoconfigure.web.client.MockRestServiceServerResetTestExecutionListener, org.springframework.boot.test.autoconfigure.web.servlet.MockMvcPrintOnlyOnFailureTestExecutionListener, org.springframework.boot.test.autoconfigure.web.servlet.WebDriverTestExecutionListener, org.springframework.test.context.web.ServletTestExecutionListener, org.springframework.test.context.support.DirtiesContextBeforeModesTestExecutionListener, org.springframework.test.context.support.DependencyInjectionTestExecutionListener, org.springframework.test.context.support.DirtiesContextTestExecutionListener, org.springframework.test.context.transaction.TransactionalTestExecutionListener, org.springframework.test.context.jdbc.SqlScriptsTestExecutionListener, org.springframework.test.context.event.EventPublishingTestExecutionListener]
09:12:47.621 [main] INFO org.springframework.boot.test.context.SpringBootTestContextBootstrapper - Using TestExecutionListeners: [org.springframework.test.context.web.ServletTestExecutionListener@7a362b6b, org.springframework.test.context.support.DirtiesContextBeforeModesTestExecutionListener@60df60da, org.springframework.boot.test.mock.mockito.MockitoTestExecutionListener@5a2d131d, org.springframework.boot.test.autoconfigure.SpringBootDependencyInjectionTestExecutionListener@14fc1f0, org.springframework.test.context.support.DirtiesContextTestExecutionListener@4ae9cfc1, org.springframework.test.context.transaction.TransactionalTestExecutionListener@512baff6, org.springframework.test.context.jdbc.SqlScriptsTestExecutionListener@632ceb35, org.springframework.test.context.event.EventPublishingTestExecutionListener@1c93f6e1, org.springframework.boot.test.mock.mockito.ResetMocksTestExecutionListener@1800a575, org.springframework.boot.test.autoconfigure.restdocs.RestDocsTestExecutionListener@1458ed9c, org.springframework.boot.test.autoconfigure.web.client.MockRestServiceServerResetTestExecutionListener@10a9d961, org.springframework.boot.test.autoconfigure.web.servlet.MockMvcPrintOnlyOnFailureTestExecutionListener@130e116b, org.springframework.boot.test.autoconfigure.web.servlet.WebDriverTestExecutionListener@e383572]
09:12:47.623 [main] DEBUG org.springframework.test.context.support.AbstractDirtiesContextTestExecutionListener - Before test class: context [DefaultTestContext@56928307 testClass = Assignment3ApplicationTests, testInstance = [null], testMethod = [null], testException = [null], mergedContextConfiguration = [WebMergedContextConfiguration@3899782c testClass = Assignment3ApplicationTests, locations = '{}', classes = '{class com.csye6225.assignment3.Assignment3Application}', contextInitializerClasses = '[]', activeProfiles = '{}', propertySourceLocations = '{}', propertySourceProperties = '{org.springframework.boot.test.context.SpringBootTestContextBootstrapper=true}', contextCustomizers = set[org.springframework.boot.test.context.filter.ExcludeFilterContextCustomizer@6d4e5011, org.springframework.boot.test.json.DuplicateJsonObjectContextCustomizerFactory$DuplicateJsonObjectContextCustomizer@78123e82, org.springframework.boot.test.mock.mockito.MockitoContextCustomizer@0, org.springframework.boot.test.web.client.TestRestTemplateContextCustomizer@f736069, org.springframework.boot.test.autoconfigure.properties.PropertyMappingContextCustomizer@0, org.springframework.boot.test.autoconfigure.web.servlet.WebDriverContextCustomizerFactory$Customizer@306e95ec], resourceBasePath = 'src/main/webapp', contextLoader = 'org.springframework.boot.test.context.SpringBootContextLoader', parent = [null]], attributes = map['org.springframework.test.context.web.ServletTestExecutionListener.activateListener' -> true]], class annotated with @DirtiesContext [false] with mode [null].
09:12:47.640 [main] DEBUG org.springframework.test.context.support.TestPropertySourceUtils - Adding inlined properties to environment: {spring.jmx.enabled=false, org.springframework.boot.test.context.SpringBootTestContextBootstrapper=true, server.port=-1}

  .   ____          _            __ _ _
 /\\ / ___'_ __ _ _(_)_ __  __ _ \ \ \ \
( ( )\___ | '_ | '_| | '_ \/ _` | \ \ \ \
 \\/  ___)| |_)| | | | | || (_| |  ) ) ) )
  '  |____| .__|_| |_|_| |_\__, | / / / /
 =========|_|==============|___/=/_/_/_/
 :: Spring Boot ::        (v2.2.4.RELEASE)

2020-03-18 09:12:47.870  INFO 64014 --- [           main] c.c.a.Assignment3ApplicationTests        : Starting Assignment3ApplicationTests on Ricardos-MBP with PID 64014 (started by ricardo in /Users/ricardo/Desktop/csye6225_assignment)
2020-03-18 09:12:47.871  INFO 64014 --- [           main] c.c.a.Assignment3ApplicationTests        : No active profile set, falling back to default profiles: default
2020-03-18 09:12:48.484  INFO 64014 --- [           main] .s.d.r.c.RepositoryConfigurationDelegate : Multiple Spring Data modules found, entering strict repository configuration mode!
2020-03-18 09:12:48.486  INFO 64014 --- [           main] .s.d.r.c.RepositoryConfigurationDelegate : Bootstrapping Spring Data Redis repositories in DEFAULT mode.
2020-03-18 09:12:48.528  INFO 64014 --- [           main] .RepositoryConfigurationExtensionSupport : Spring Data Redis - Could not safely identify store assignment for repository candidate interface com.csye6225.assignment3.mbg.model.AccountRepository. If you want this repository to be a Redis repository, consider annotating your entities with one of these annotations: org.springframework.data.redis.core.RedisHash (preferred), or consider extending one of the following types with your repository: org.springframework.data.keyvalue.repository.KeyValueRepository.
2020-03-18 09:12:48.529  INFO 64014 --- [           main] .RepositoryConfigurationExtensionSupport : Spring Data Redis - Could not safely identify store assignment for repository candidate interface com.csye6225.assignment3.mbg.model.AttachedFileRepository. If you want this repository to be a Redis repository, consider annotating your entities with one of these annotations: org.springframework.data.redis.core.RedisHash (preferred), or consider extending one of the following types with your repository: org.springframework.data.keyvalue.repository.KeyValueRepository.
2020-03-18 09:12:48.530  INFO 64014 --- [           main] .s.d.r.c.RepositoryConfigurationDelegate : Finished Spring Data repository scanning in 30ms. Found 0 Redis repository interfaces.
2020-03-18 09:12:48.843  INFO 64014 --- [           main] trationDelegate$BeanPostProcessorChecker : Bean 'org.springframework.transaction.annotation.ProxyTransactionManagementConfiguration' of type [org.springframework.transaction.annotation.ProxyTransactionManagementConfiguration] is not eligible for getting processed by all BeanPostProcessors (for example: not eligible for auto-proxying)
2020-03-18 09:12:49.679  WARN 64014 --- [           main] o.s.w.c.s.GenericWebApplicationContext   : Exception encountered during context initialization - cancelling refresh attempt: org.springframework.beans.factory.UnsatisfiedDependencyException: Error creating bean with name 'fileController': Unsatisfied dependency expressed through field 's3ImageService'; nested exception is org.springframework.beans.factory.BeanCreationException: Error creating bean with name 'amazonS3ImageService' defined in file [/Users/ricardo/Desktop/csye6225_assignment/target/classes/com/csye6225/assignment3/service/AmazonS3ImageService.class]: Bean instantiation via constructor failed; nested exception is org.springframework.beans.BeanInstantiationException: Failed to instantiate [com.csye6225.assignment3.service.AmazonS3ImageService]: Constructor threw exception; nested exception is java.io.FileNotFoundException: /etc/environment (No such file or directory)
2020-03-18 09:12:49.686  INFO 64014 --- [           main] ConditionEvaluationReportLoggingListener : 

Error starting ApplicationContext. To display the conditions report re-run your application with 'debug' enabled.
2020-03-18 09:12:49.691 ERROR 64014 --- [           main] o.s.boot.SpringApplication               : Application run failed

org.springframework.beans.factory.UnsatisfiedDependencyException: Error creating bean with name 'fileController': Unsatisfied dependency expressed through field 's3ImageService'; nested exception is org.springframework.beans.factory.BeanCreationException: Error creating bean with name 'amazonS3ImageService' defined in file [/Users/ricardo/Desktop/csye6225_assignment/target/classes/com/csye6225/assignment3/service/AmazonS3ImageService.class]: Bean instantiation via constructor failed; nested exception is org.springframework.beans.BeanInstantiationException: Failed to instantiate [com.csye6225.assignment3.service.AmazonS3ImageService]: Constructor threw exception; nested exception is java.io.FileNotFoundException: /etc/environment (No such file or directory)
	at org.springframework.beans.factory.annotation.AutowiredAnnotationBeanPostProcessor$AutowiredFieldElement.inject(AutowiredAnnotationBeanPostProcessor.java:643) ~[spring-beans-5.2.3.RELEASE.jar:5.2.3.RELEASE]
	at org.springframework.beans.factory.annotation.InjectionMetadata.inject(InjectionMetadata.java:116) ~[spring-beans-5.2.3.RELEASE.jar:5.2.3.RELEASE]
	at org.springframework.beans.factory.annotation.AutowiredAnnotationBeanPostProcessor.postProcessProperties(AutowiredAnnotationBeanPostProcessor.java:399) ~[spring-beans-5.2.3.RELEASE.jar:5.2.3.RELEASE]
	at org.springframework.beans.factory.support.AbstractAutowireCapableBeanFactory.populateBean(AbstractAutowireCapableBeanFactory.java:1422) ~[spring-beans-5.2.3.RELEASE.jar:5.2.3.RELEASE]
	at org.springframework.beans.factory.support.AbstractAutowireCapableBeanFactory.doCreateBean(AbstractAutowireCapableBeanFactory.java:594) ~[spring-beans-5.2.3.RELEASE.jar:5.2.3.RELEASE]
	at org.springframework.beans.factory.support.AbstractAutowireCapableBeanFactory.createBean(AbstractAutowireCapableBeanFactory.java:517) ~[spring-beans-5.2.3.RELEASE.jar:5.2.3.RELEASE]
	at org.springframework.beans.factory.support.AbstractBeanFactory.lambda$doGetBean$0(AbstractBeanFactory.java:323) ~[spring-beans-5.2.3.RELEASE.jar:5.2.3.RELEASE]
	at org.springframework.beans.factory.support.DefaultSingletonBeanRegistry.getSingleton(DefaultSingletonBeanRegistry.java:222) ~[spring-beans-5.2.3.RELEASE.jar:5.2.3.RELEASE]
	at org.springframework.beans.factory.support.AbstractBeanFactory.doGetBean(AbstractBeanFactory.java:321) ~[spring-beans-5.2.3.RELEASE.jar:5.2.3.RELEASE]
	at org.springframework.beans.factory.support.AbstractBeanFactory.getBean(AbstractBeanFactory.java:202) ~[spring-beans-5.2.3.RELEASE.jar:5.2.3.RELEASE]
	at org.springframework.beans.factory.support.DefaultListableBeanFactory.preInstantiateSingletons(DefaultListableBeanFactory.java:879) ~[spring-beans-5.2.3.RELEASE.jar:5.2.3.RELEASE]
	at org.springframework.context.support.AbstractApplicationContext.finishBeanFactoryInitialization(AbstractApplicationContext.java:878) ~[spring-context-5.2.3.RELEASE.jar:5.2.3.RELEASE]
	at org.springframework.context.support.AbstractApplicationContext.refresh(AbstractApplicationContext.java:550) ~[spring-context-5.2.3.RELEASE.jar:5.2.3.RELEASE]
	at org.springframework.boot.SpringApplication.refresh(SpringApplication.java:747) ~[spring-boot-2.2.4.RELEASE.jar:2.2.4.RELEASE]
	at org.springframework.boot.SpringApplication.refreshContext(SpringApplication.java:397) ~[spring-boot-2.2.4.RELEASE.jar:2.2.4.RELEASE]
	at org.springframework.boot.SpringApplication.run(SpringApplication.java:315) ~[spring-boot-2.2.4.RELEASE.jar:2.2.4.RELEASE]
	at org.springframework.boot.test.context.SpringBootContextLoader.loadContext(SpringBootContextLoader.java:126) ~[spring-boot-test-2.2.4.RELEASE.jar:2.2.4.RELEASE]
	at org.springframework.test.context.cache.DefaultCacheAwareContextLoaderDelegate.loadContextInternal(DefaultCacheAwareContextLoaderDelegate.java:99) ~[spring-test-5.2.3.RELEASE.jar:5.2.3.RELEASE]
	at org.springframework.test.context.cache.DefaultCacheAwareContextLoaderDelegate.loadContext(DefaultCacheAwareContextLoaderDelegate.java:124) ~[spring-test-5.2.3.RELEASE.jar:5.2.3.RELEASE]
	at org.springframework.test.context.support.DefaultTestContext.getApplicationContext(DefaultTestContext.java:123) ~[spring-test-5.2.3.RELEASE.jar:5.2.3.RELEASE]
	at org.springframework.test.context.web.ServletTestExecutionListener.setUpRequestContextIfNecessary(ServletTestExecutionListener.java:190) ~[spring-test-5.2.3.RELEASE.jar:5.2.3.RELEASE]
	at org.springframework.test.context.web.ServletTestExecutionListener.prepareTestInstance(ServletTestExecutionListener.java:132) ~[spring-test-5.2.3.RELEASE.jar:5.2.3.RELEASE]
	at org.springframework.test.context.TestContextManager.prepareTestInstance(TestContextManager.java:244) ~[spring-test-5.2.3.RELEASE.jar:5.2.3.RELEASE]
	at org.springframework.test.context.junit.jupiter.SpringExtension.postProcessTestInstance(SpringExtension.java:98) ~[spring-test-5.2.3.RELEASE.jar:5.2.3.RELEASE]
	at org.junit.jupiter.engine.descriptor.ClassTestDescriptor.lambda$invokeTestInstancePostProcessors$3(ClassTestDescriptor.java:215) ~[junit-jupiter-engine-5.1.0.jar:5.1.0]
	at org.junit.jupiter.engine.descriptor.JupiterTestDescriptor.executeAndMaskThrowable(JupiterTestDescriptor.java:141) ~[junit-jupiter-engine-5.1.0.jar:5.1.0]
	at org.junit.jupiter.engine.descriptor.ClassTestDescriptor.lambda$invokeTestInstancePostProcessors$4(ClassTestDescriptor.java:215) ~[junit-jupiter-engine-5.1.0.jar:5.1.0]
	at java.base/java.util.stream.ReferencePipeline$3$1.accept(ReferencePipeline.java:195) ~[na:na]
	at java.base/java.util.stream.ReferencePipeline$2$1.accept(ReferencePipeline.java:177) ~[na:na]
	at java.base/java.util.ArrayList$ArrayListSpliterator.forEachRemaining(ArrayList.java:1654) ~[na:na]
	at java.base/java.util.stream.AbstractPipeline.copyInto(AbstractPipeline.java:484) ~[na:na]
	at java.base/java.util.stream.AbstractPipeline.wrapAndCopyInto(AbstractPipeline.java:474) ~[na:na]
	at java.base/java.util.stream.StreamSpliterators$WrappingSpliterator.forEachRemaining(StreamSpliterators.java:312) ~[na:na]
	at java.base/java.util.stream.Streams$ConcatSpliterator.forEachRemaining(Streams.java:735) ~[na:na]
	at java.base/java.util.stream.Streams$ConcatSpliterator.forEachRemaining(Streams.java:734) ~[na:na]
	at java.base/java.util.stream.ReferencePipeline$Head.forEach(ReferencePipeline.java:658) ~[na:na]
	at org.junit.jupiter.engine.descriptor.ClassTestDescriptor.invokeTestInstancePostProcessors(ClassTestDescriptor.java:214) ~[junit-jupiter-engine-5.1.0.jar:5.1.0]
	at org.junit.jupiter.engine.descriptor.ClassTestDescriptor.instantiateAndPostProcessTestInstance(ClassTestDescriptor.java:196) ~[junit-jupiter-engine-5.1.0.jar:5.1.0]
	at org.junit.jupiter.engine.descriptor.ClassTestDescriptor.lambda$testInstanceProvider$0(ClassTestDescriptor.java:185) ~[junit-jupiter-engine-5.1.0.jar:5.1.0]
	at org.junit.jupiter.engine.descriptor.ClassTestDescriptor.lambda$testInstanceProvider$1(ClassTestDescriptor.java:189) ~[junit-jupiter-engine-5.1.0.jar:5.1.0]
	at java.base/java.util.Optional.orElseGet(Optional.java:369) ~[na:na]
	at org.junit.jupiter.engine.descriptor.ClassTestDescriptor.lambda$testInstanceProvider$2(ClassTestDescriptor.java:188) ~[junit-jupiter-engine-5.1.0.jar:5.1.0]
	at org.junit.jupiter.engine.descriptor.TestMethodTestDescriptor.prepare(TestMethodTestDescriptor.java:81) ~[junit-jupiter-engine-5.1.0.jar:5.1.0]
	at org.junit.jupiter.engine.descriptor.TestMethodTestDescriptor.prepare(TestMethodTestDescriptor.java:58) ~[junit-jupiter-engine-5.1.0.jar:5.1.0]
	at org.junit.platform.engine.support.hierarchical.NodeTestTask.lambda$prepare$1(NodeTestTask.java:107) ~[junit-platform-engine-1.5.2.jar:1.5.2]
	at org.junit.platform.engine.support.hierarchical.ThrowableCollector.execute(ThrowableCollector.java:73) ~[junit-platform-engine-1.5.2.jar:1.5.2]
	at org.junit.platform.engine.support.hierarchical.NodeTestTask.prepare(NodeTestTask.java:107) ~[junit-platform-engine-1.5.2.jar:1.5.2]
	at org.junit.platform.engine.support.hierarchical.NodeTestTask.execute(NodeTestTask.java:75) ~[junit-platform-engine-1.5.2.jar:1.5.2]
	at java.base/java.util.ArrayList.forEach(ArrayList.java:1540) ~[na:na]
	at org.junit.platform.engine.support.hierarchical.SameThreadHierarchicalTestExecutorService.invokeAll(SameThreadHierarchicalTestExecutorService.java:38) ~[junit-platform-engine-1.5.2.jar:1.5.2]
	at org.junit.platform.engine.support.hierarchical.NodeTestTask.lambda$executeRecursively$5(NodeTestTask.java:139) ~[junit-platform-engine-1.5.2.jar:1.5.2]
	at org.junit.platform.engine.support.hierarchical.ThrowableCollector.execute(ThrowableCollector.java:73) ~[junit-platform-engine-1.5.2.jar:1.5.2]
	at org.junit.platform.engine.support.hierarchical.NodeTestTask.lambda$executeRecursively$7(NodeTestTask.java:125) ~[junit-platform-engine-1.5.2.jar:1.5.2]
	at org.junit.platform.engine.support.hierarchical.Node.around(Node.java:135) ~[junit-platform-engine-1.5.2.jar:1.5.2]
	at org.junit.platform.engine.support.hierarchical.NodeTestTask.lambda$executeRecursively$8(NodeTestTask.java:123) ~[junit-platform-engine-1.5.2.jar:1.5.2]
	at org.junit.platform.engine.support.hierarchical.ThrowableCollector.execute(ThrowableCollector.java:73) ~[junit-platform-engine-1.5.2.jar:1.5.2]
	at org.junit.platform.engine.support.hierarchical.NodeTestTask.executeRecursively(NodeTestTask.java:122) ~[junit-platform-engine-1.5.2.jar:1.5.2]
	at org.junit.platform.engine.support.hierarchical.NodeTestTask.execute(NodeTestTask.java:80) ~[junit-platform-engine-1.5.2.jar:1.5.2]
	at java.base/java.util.ArrayList.forEach(ArrayList.java:1540) ~[na:na]
	at org.junit.platform.engine.support.hierarchical.SameThreadHierarchicalTestExecutorService.invokeAll(SameThreadHierarchicalTestExecutorService.java:38) ~[junit-platform-engine-1.5.2.jar:1.5.2]
	at org.junit.platform.engine.support.hierarchical.NodeTestTask.lambda$executeRecursively$5(NodeTestTask.java:139) ~[junit-platform-engine-1.5.2.jar:1.5.2]
	at org.junit.platform.engine.support.hierarchical.ThrowableCollector.execute(ThrowableCollector.java:73) ~[junit-platform-engine-1.5.2.jar:1.5.2]
	at org.junit.platform.engine.support.hierarchical.NodeTestTask.lambda$executeRecursively$7(NodeTestTask.java:125) ~[junit-platform-engine-1.5.2.jar:1.5.2]
	at org.junit.platform.engine.support.hierarchical.Node.around(Node.java:135) ~[junit-platform-engine-1.5.2.jar:1.5.2]
	at org.junit.platform.engine.support.hierarchical.NodeTestTask.lambda$executeRecursively$8(NodeTestTask.java:123) ~[junit-platform-engine-1.5.2.jar:1.5.2]
	at org.junit.platform.engine.support.hierarchical.ThrowableCollector.execute(ThrowableCollector.java:73) ~[junit-platform-engine-1.5.2.jar:1.5.2]
	at org.junit.platform.engine.support.hierarchical.NodeTestTask.executeRecursively(NodeTestTask.java:122) ~[junit-platform-engine-1.5.2.jar:1.5.2]
	at org.junit.platform.engine.support.hierarchical.NodeTestTask.execute(NodeTestTask.java:80) ~[junit-platform-engine-1.5.2.jar:1.5.2]
	at org.junit.platform.engine.support.hierarchical.SameThreadHierarchicalTestExecutorService.submit(SameThreadHierarchicalTestExecutorService.java:32) ~[junit-platform-engine-1.5.2.jar:1.5.2]
	at org.junit.platform.engine.support.hierarchical.HierarchicalTestExecutor.execute(HierarchicalTestExecutor.java:57) ~[junit-platform-engine-1.5.2.jar:1.5.2]
	at org.junit.platform.engine.support.hierarchical.HierarchicalTestEngine.execute(HierarchicalTestEngine.java:51) ~[junit-platform-engine-1.5.2.jar:1.5.2]
	at org.junit.platform.launcher.core.DefaultLauncher.execute(DefaultLauncher.java:220) ~[junit-platform-launcher-1.3.1.jar:1.3.1]
	at org.junit.platform.launcher.core.DefaultLauncher.lambda$execute$6(DefaultLauncher.java:188) ~[junit-platform-launcher-1.3.1.jar:1.3.1]
	at org.junit.platform.launcher.core.DefaultLauncher.withInterceptedStreams(DefaultLauncher.java:202) ~[junit-platform-launcher-1.3.1.jar:1.3.1]
	at org.junit.platform.launcher.core.DefaultLauncher.execute(DefaultLauncher.java:181) ~[junit-platform-launcher-1.3.1.jar:1.3.1]
	at org.junit.platform.launcher.core.DefaultLauncher.execute(DefaultLauncher.java:128) ~[junit-platform-launcher-1.3.1.jar:1.3.1]
	at org.apache.maven.surefire.junitplatform.JUnitPlatformProvider.invokeAllTests(JUnitPlatformProvider.java:150) ~[surefire-junit-platform-2.22.2.jar:2.22.2]
	at org.apache.maven.surefire.junitplatform.JUnitPlatformProvider.invoke(JUnitPlatformProvider.java:124) ~[surefire-junit-platform-2.22.2.jar:2.22.2]
	at org.apache.maven.surefire.booter.ForkedBooter.invokeProviderInSameClassLoader(ForkedBooter.java:384) ~[surefire-booter-2.22.2.jar:2.22.2]
	at org.apache.maven.surefire.booter.ForkedBooter.runSuitesInProcess(ForkedBooter.java:345) ~[surefire-booter-2.22.2.jar:2.22.2]
	at org.apache.maven.surefire.booter.ForkedBooter.execute(ForkedBooter.java:126) ~[surefire-booter-2.22.2.jar:2.22.2]
	at org.apache.maven.surefire.booter.ForkedBooter.main(ForkedBooter.java:418) ~[surefire-booter-2.22.2.jar:2.22.2]
Caused by: org.springframework.beans.factory.BeanCreationException: Error creating bean with name 'amazonS3ImageService' defined in file [/Users/ricardo/Desktop/csye6225_assignment/target/classes/com/csye6225/assignment3/service/AmazonS3ImageService.class]: Bean instantiation via constructor failed; nested exception is org.springframework.beans.BeanInstantiationException: Failed to instantiate [com.csye6225.assignment3.service.AmazonS3ImageService]: Constructor threw exception; nested exception is java.io.FileNotFoundException: /etc/environment (No such file or directory)
	at org.springframework.beans.factory.support.ConstructorResolver.instantiate(ConstructorResolver.java:314) ~[spring-beans-5.2.3.RELEASE.jar:5.2.3.RELEASE]
	at org.springframework.beans.factory.support.ConstructorResolver.autowireConstructor(ConstructorResolver.java:179) ~[spring-beans-5.2.3.RELEASE.jar:5.2.3.RELEASE]
	at org.springframework.beans.factory.support.AbstractAutowireCapableBeanFactory.autowireConstructor(AbstractAutowireCapableBeanFactory.java:1358) ~[spring-beans-5.2.3.RELEASE.jar:5.2.3.RELEASE]
	at org.springframework.beans.factory.support.AbstractAutowireCapableBeanFactory.createBeanInstance(AbstractAutowireCapableBeanFactory.java:1204) ~[spring-beans-5.2.3.RELEASE.jar:5.2.3.RELEASE]
	at org.springframework.beans.factory.support.AbstractAutowireCapableBeanFactory.doCreateBean(AbstractAutowireCapableBeanFactory.java:557) ~[spring-beans-5.2.3.RELEASE.jar:5.2.3.RELEASE]
	at org.springframework.beans.factory.support.AbstractAutowireCapableBeanFactory.createBean(AbstractAutowireCapableBeanFactory.java:517) ~[spring-beans-5.2.3.RELEASE.jar:5.2.3.RELEASE]
	at org.springframework.beans.factory.support.AbstractBeanFactory.lambda$doGetBean$0(AbstractBeanFactory.java:323) ~[spring-beans-5.2.3.RELEASE.jar:5.2.3.RELEASE]
	at org.springframework.beans.factory.support.DefaultSingletonBeanRegistry.getSingleton(DefaultSingletonBeanRegistry.java:222) ~[spring-beans-5.2.3.RELEASE.jar:5.2.3.RELEASE]
	at org.springframework.beans.factory.support.AbstractBeanFactory.doGetBean(AbstractBeanFactory.java:321) ~[spring-beans-5.2.3.RELEASE.jar:5.2.3.RELEASE]
	at org.springframework.beans.factory.support.AbstractBeanFactory.getBean(AbstractBeanFactory.java:202) ~[spring-beans-5.2.3.RELEASE.jar:5.2.3.RELEASE]
	at org.springframework.beans.factory.config.DependencyDescriptor.resolveCandidate(DependencyDescriptor.java:276) ~[spring-beans-5.2.3.RELEASE.jar:5.2.3.RELEASE]
	at org.springframework.beans.factory.support.DefaultListableBeanFactory.doResolveDependency(DefaultListableBeanFactory.java:1287) ~[spring-beans-5.2.3.RELEASE.jar:5.2.3.RELEASE]
	at org.springframework.beans.factory.support.DefaultListableBeanFactory.resolveDependency(DefaultListableBeanFactory.java:1207) ~[spring-beans-5.2.3.RELEASE.jar:5.2.3.RELEASE]
	at org.springframework.beans.factory.annotation.AutowiredAnnotationBeanPostProcessor$AutowiredFieldElement.inject(AutowiredAnnotationBeanPostProcessor.java:640) ~[spring-beans-5.2.3.RELEASE.jar:5.2.3.RELEASE]
	... 81 common frames omitted
Caused by: org.springframework.beans.BeanInstantiationException: Failed to instantiate [com.csye6225.assignment3.service.AmazonS3ImageService]: Constructor threw exception; nested exception is java.io.FileNotFoundException: /etc/environment (No such file or directory)
	at org.springframework.beans.BeanUtils.instantiateClass(BeanUtils.java:216) ~[spring-beans-5.2.3.RELEASE.jar:5.2.3.RELEASE]
	at org.springframework.beans.factory.support.SimpleInstantiationStrategy.instantiate(SimpleInstantiationStrategy.java:117) ~[spring-beans-5.2.3.RELEASE.jar:5.2.3.RELEASE]
	at org.springframework.beans.factory.support.ConstructorResolver.instantiate(ConstructorResolver.java:310) ~[spring-beans-5.2.3.RELEASE.jar:5.2.3.RELEASE]
	... 94 common frames omitted
Caused by: java.io.FileNotFoundException: /etc/environment (No such file or directory)
	at java.base/java.io.FileInputStream.open0(Native Method) ~[na:na]
	at java.base/java.io.FileInputStream.open(FileInputStream.java:213) ~[na:na]
	at java.base/java.io.FileInputStream.<init>(FileInputStream.java:155) ~[na:na]
	at java.base/java.io.FileReader.<init>(FileReader.java:75) ~[na:na]
	at com.csye6225.assignment3.service.AmazonS3ImageService.getBucketName(AmazonS3ImageService.java:62) ~[classes/:na]
	at com.csye6225.assignment3.service.AmazonS3ImageService.<init>(AmazonS3ImageService.java:48) ~[classes/:na]
	at java.base/jdk.internal.reflect.NativeConstructorAccessorImpl.newInstance0(Native Method) ~[na:na]
	at java.base/jdk.internal.reflect.NativeConstructorAccessorImpl.newInstance(NativeConstructorAccessorImpl.java:62) ~[na:na]
	at java.base/jdk.internal.reflect.DelegatingConstructorAccessorImpl.newInstance(DelegatingConstructorAccessorImpl.java:45) ~[na:na]
	at java.base/java.lang.reflect.Constructor.newInstanceWithCaller(Constructor.java:500) ~[na:na]
	at java.base/java.lang.reflect.Constructor.newInstance(Constructor.java:481) ~[na:na]
	at org.springframework.beans.BeanUtils.instantiateClass(BeanUtils.java:203) ~[spring-beans-5.2.3.RELEASE.jar:5.2.3.RELEASE]
	... 96 common frames omitted

2020-03-18 09:12:49.694 ERROR 64014 --- [           main] o.s.test.context.TestContextManager      : Caught exception while allowing TestExecutionListener [org.springframework.test.context.web.ServletTestExecutionListener@7a362b6b] to prepare test instance [com.csye6225.assignment3.Assignment3ApplicationTests@3b11620a]

java.lang.IllegalStateException: Failed to load ApplicationContext
	at org.springframework.test.context.cache.DefaultCacheAwareContextLoaderDelegate.loadContext(DefaultCacheAwareContextLoaderDelegate.java:132) ~[spring-test-5.2.3.RELEASE.jar:5.2.3.RELEASE]
	at org.springframework.test.context.support.DefaultTestContext.getApplicationContext(DefaultTestContext.java:123) ~[spring-test-5.2.3.RELEASE.jar:5.2.3.RELEASE]
	at org.springframework.test.context.web.ServletTestExecutionListener.setUpRequestContextIfNecessary(ServletTestExecutionListener.java:190) ~[spring-test-5.2.3.RELEASE.jar:5.2.3.RELEASE]
	at org.springframework.test.context.web.ServletTestExecutionListener.prepareTestInstance(ServletTestExecutionListener.java:132) ~[spring-test-5.2.3.RELEASE.jar:5.2.3.RELEASE]
	at org.springframework.test.context.TestContextManager.prepareTestInstance(TestContextManager.java:244) ~[spring-test-5.2.3.RELEASE.jar:5.2.3.RELEASE]
	at org.springframework.test.context.junit.jupiter.SpringExtension.postProcessTestInstance(SpringExtension.java:98) ~[spring-test-5.2.3.RELEASE.jar:5.2.3.RELEASE]
	at org.junit.jupiter.engine.descriptor.ClassTestDescriptor.lambda$invokeTestInstancePostProcessors$3(ClassTestDescriptor.java:215) ~[junit-jupiter-engine-5.1.0.jar:5.1.0]
	at org.junit.jupiter.engine.descriptor.JupiterTestDescriptor.executeAndMaskThrowable(JupiterTestDescriptor.java:141) ~[junit-jupiter-engine-5.1.0.jar:5.1.0]
	at org.junit.jupiter.engine.descriptor.ClassTestDescriptor.lambda$invokeTestInstancePostProcessors$4(ClassTestDescriptor.java:215) ~[junit-jupiter-engine-5.1.0.jar:5.1.0]
	at java.base/java.util.stream.ReferencePipeline$3$1.accept(ReferencePipeline.java:195) ~[na:na]
	at java.base/java.util.stream.ReferencePipeline$2$1.accept(ReferencePipeline.java:177) ~[na:na]
	at java.base/java.util.ArrayList$ArrayListSpliterator.forEachRemaining(ArrayList.java:1654) ~[na:na]
	at java.base/java.util.stream.AbstractPipeline.copyInto(AbstractPipeline.java:484) ~[na:na]
	at java.base/java.util.stream.AbstractPipeline.wrapAndCopyInto(AbstractPipeline.java:474) ~[na:na]
	at java.base/java.util.stream.StreamSpliterators$WrappingSpliterator.forEachRemaining(StreamSpliterators.java:312) ~[na:na]
	at java.base/java.util.stream.Streams$ConcatSpliterator.forEachRemaining(Streams.java:735) ~[na:na]
	at java.base/java.util.stream.Streams$ConcatSpliterator.forEachRemaining(Streams.java:734) ~[na:na]
	at java.base/java.util.stream.ReferencePipeline$Head.forEach(ReferencePipeline.java:658) ~[na:na]
	at org.junit.jupiter.engine.descriptor.ClassTestDescriptor.invokeTestInstancePostProcessors(ClassTestDescriptor.java:214) ~[junit-jupiter-engine-5.1.0.jar:5.1.0]
	at org.junit.jupiter.engine.descriptor.ClassTestDescriptor.instantiateAndPostProcessTestInstance(ClassTestDescriptor.java:196) ~[junit-jupiter-engine-5.1.0.jar:5.1.0]
	at org.junit.jupiter.engine.descriptor.ClassTestDescriptor.lambda$testInstanceProvider$0(ClassTestDescriptor.java:185) ~[junit-jupiter-engine-5.1.0.jar:5.1.0]
	at org.junit.jupiter.engine.descriptor.ClassTestDescriptor.lambda$testInstanceProvider$1(ClassTestDescriptor.java:189) ~[junit-jupiter-engine-5.1.0.jar:5.1.0]
	at java.base/java.util.Optional.orElseGet(Optional.java:369) ~[na:na]
	at org.junit.jupiter.engine.descriptor.ClassTestDescriptor.lambda$testInstanceProvider$2(ClassTestDescriptor.java:188) ~[junit-jupiter-engine-5.1.0.jar:5.1.0]
	at org.junit.jupiter.engine.descriptor.TestMethodTestDescriptor.prepare(TestMethodTestDescriptor.java:81) ~[junit-jupiter-engine-5.1.0.jar:5.1.0]
	at org.junit.jupiter.engine.descriptor.TestMethodTestDescriptor.prepare(TestMethodTestDescriptor.java:58) ~[junit-jupiter-engine-5.1.0.jar:5.1.0]
	at org.junit.platform.engine.support.hierarchical.NodeTestTask.lambda$prepare$1(NodeTestTask.java:107) ~[junit-platform-engine-1.5.2.jar:1.5.2]
	at org.junit.platform.engine.support.hierarchical.ThrowableCollector.execute(ThrowableCollector.java:73) ~[junit-platform-engine-1.5.2.jar:1.5.2]
	at org.junit.platform.engine.support.hierarchical.NodeTestTask.prepare(NodeTestTask.java:107) ~[junit-platform-engine-1.5.2.jar:1.5.2]
	at org.junit.platform.engine.support.hierarchical.NodeTestTask.execute(NodeTestTask.java:75) ~[junit-platform-engine-1.5.2.jar:1.5.2]
	at java.base/java.util.ArrayList.forEach(ArrayList.java:1540) ~[na:na]
	at org.junit.platform.engine.support.hierarchical.SameThreadHierarchicalTestExecutorService.invokeAll(SameThreadHierarchicalTestExecutorService.java:38) ~[junit-platform-engine-1.5.2.jar:1.5.2]
	at org.junit.platform.engine.support.hierarchical.NodeTestTask.lambda$executeRecursively$5(NodeTestTask.java:139) ~[junit-platform-engine-1.5.2.jar:1.5.2]
	at org.junit.platform.engine.support.hierarchical.ThrowableCollector.execute(ThrowableCollector.java:73) ~[junit-platform-engine-1.5.2.jar:1.5.2]
	at org.junit.platform.engine.support.hierarchical.NodeTestTask.lambda$executeRecursively$7(NodeTestTask.java:125) ~[junit-platform-engine-1.5.2.jar:1.5.2]
	at org.junit.platform.engine.support.hierarchical.Node.around(Node.java:135) ~[junit-platform-engine-1.5.2.jar:1.5.2]
	at org.junit.platform.engine.support.hierarchical.NodeTestTask.lambda$executeRecursively$8(NodeTestTask.java:123) ~[junit-platform-engine-1.5.2.jar:1.5.2]
	at org.junit.platform.engine.support.hierarchical.ThrowableCollector.execute(ThrowableCollector.java:73) ~[junit-platform-engine-1.5.2.jar:1.5.2]
	at org.junit.platform.engine.support.hierarchical.NodeTestTask.executeRecursively(NodeTestTask.java:122) ~[junit-platform-engine-1.5.2.jar:1.5.2]
	at org.junit.platform.engine.support.hierarchical.NodeTestTask.execute(NodeTestTask.java:80) ~[junit-platform-engine-1.5.2.jar:1.5.2]
	at java.base/java.util.ArrayList.forEach(ArrayList.java:1540) ~[na:na]
	at org.junit.platform.engine.support.hierarchical.SameThreadHierarchicalTestExecutorService.invokeAll(SameThreadHierarchicalTestExecutorService.java:38) ~[junit-platform-engine-1.5.2.jar:1.5.2]
	at org.junit.platform.engine.support.hierarchical.NodeTestTask.lambda$executeRecursively$5(NodeTestTask.java:139) ~[junit-platform-engine-1.5.2.jar:1.5.2]
	at org.junit.platform.engine.support.hierarchical.ThrowableCollector.execute(ThrowableCollector.java:73) ~[junit-platform-engine-1.5.2.jar:1.5.2]
	at org.junit.platform.engine.support.hierarchical.NodeTestTask.lambda$executeRecursively$7(NodeTestTask.java:125) ~[junit-platform-engine-1.5.2.jar:1.5.2]
	at org.junit.platform.engine.support.hierarchical.Node.around(Node.java:135) ~[junit-platform-engine-1.5.2.jar:1.5.2]
	at org.junit.platform.engine.support.hierarchical.NodeTestTask.lambda$executeRecursively$8(NodeTestTask.java:123) ~[junit-platform-engine-1.5.2.jar:1.5.2]
	at org.junit.platform.engine.support.hierarchical.ThrowableCollector.execute(ThrowableCollector.java:73) ~[junit-platform-engine-1.5.2.jar:1.5.2]
	at org.junit.platform.engine.support.hierarchical.NodeTestTask.executeRecursively(NodeTestTask.java:122) ~[junit-platform-engine-1.5.2.jar:1.5.2]
	at org.junit.platform.engine.support.hierarchical.NodeTestTask.execute(NodeTestTask.java:80) ~[junit-platform-engine-1.5.2.jar:1.5.2]
	at org.junit.platform.engine.support.hierarchical.SameThreadHierarchicalTestExecutorService.submit(SameThreadHierarchicalTestExecutorService.java:32) ~[junit-platform-engine-1.5.2.jar:1.5.2]
	at org.junit.platform.engine.support.hierarchical.HierarchicalTestExecutor.execute(HierarchicalTestExecutor.java:57) ~[junit-platform-engine-1.5.2.jar:1.5.2]
	at org.junit.platform.engine.support.hierarchical.HierarchicalTestEngine.execute(HierarchicalTestEngine.java:51) ~[junit-platform-engine-1.5.2.jar:1.5.2]
	at org.junit.platform.launcher.core.DefaultLauncher.execute(DefaultLauncher.java:220) ~[junit-platform-launcher-1.3.1.jar:1.3.1]
	at org.junit.platform.launcher.core.DefaultLauncher.lambda$execute$6(DefaultLauncher.java:188) ~[junit-platform-launcher-1.3.1.jar:1.3.1]
	at org.junit.platform.launcher.core.DefaultLauncher.withInterceptedStreams(DefaultLauncher.java:202) ~[junit-platform-launcher-1.3.1.jar:1.3.1]
	at org.junit.platform.launcher.core.DefaultLauncher.execute(DefaultLauncher.java:181) ~[junit-platform-launcher-1.3.1.jar:1.3.1]
	at org.junit.platform.launcher.core.DefaultLauncher.execute(DefaultLauncher.java:128) ~[junit-platform-launcher-1.3.1.jar:1.3.1]
	at org.apache.maven.surefire.junitplatform.JUnitPlatformProvider.invokeAllTests(JUnitPlatformProvider.java:150) ~[surefire-junit-platform-2.22.2.jar:2.22.2]
	at org.apache.maven.surefire.junitplatform.JUnitPlatformProvider.invoke(JUnitPlatformProvider.java:124) ~[surefire-junit-platform-2.22.2.jar:2.22.2]
	at org.apache.maven.surefire.booter.ForkedBooter.invokeProviderInSameClassLoader(ForkedBooter.java:384) ~[surefire-booter-2.22.2.jar:2.22.2]
	at org.apache.maven.surefire.booter.ForkedBooter.runSuitesInProcess(ForkedBooter.java:345) ~[surefire-booter-2.22.2.jar:2.22.2]
	at org.apache.maven.surefire.booter.ForkedBooter.execute(ForkedBooter.java:126) ~[surefire-booter-2.22.2.jar:2.22.2]
	at org.apache.maven.surefire.booter.ForkedBooter.main(ForkedBooter.java:418) ~[surefire-booter-2.22.2.jar:2.22.2]
Caused by: org.springframework.beans.factory.UnsatisfiedDependencyException: Error creating bean with name 'fileController': Unsatisfied dependency expressed through field 's3ImageService'; nested exception is org.springframework.beans.factory.BeanCreationException: Error creating bean with name 'amazonS3ImageService' defined in file [/Users/ricardo/Desktop/csye6225_assignment/target/classes/com/csye6225/assignment3/service/AmazonS3ImageService.class]: Bean instantiation via constructor failed; nested exception is org.springframework.beans.BeanInstantiationException: Failed to instantiate [com.csye6225.assignment3.service.AmazonS3ImageService]: Constructor threw exception; nested exception is java.io.FileNotFoundException: /etc/environment (No such file or directory)
	at org.springframework.beans.factory.annotation.AutowiredAnnotationBeanPostProcessor$AutowiredFieldElement.inject(AutowiredAnnotationBeanPostProcessor.java:643) ~[spring-beans-5.2.3.RELEASE.jar:5.2.3.RELEASE]
	at org.springframework.beans.factory.annotation.InjectionMetadata.inject(InjectionMetadata.java:116) ~[spring-beans-5.2.3.RELEASE.jar:5.2.3.RELEASE]
	at org.springframework.beans.factory.annotation.AutowiredAnnotationBeanPostProcessor.postProcessProperties(AutowiredAnnotationBeanPostProcessor.java:399) ~[spring-beans-5.2.3.RELEASE.jar:5.2.3.RELEASE]
	at org.springframework.beans.factory.support.AbstractAutowireCapableBeanFactory.populateBean(AbstractAutowireCapableBeanFactory.java:1422) ~[spring-beans-5.2.3.RELEASE.jar:5.2.3.RELEASE]
	at org.springframework.beans.factory.support.AbstractAutowireCapableBeanFactory.doCreateBean(AbstractAutowireCapableBeanFactory.java:594) ~[spring-beans-5.2.3.RELEASE.jar:5.2.3.RELEASE]
	at org.springframework.beans.factory.support.AbstractAutowireCapableBeanFactory.createBean(AbstractAutowireCapableBeanFactory.java:517) ~[spring-beans-5.2.3.RELEASE.jar:5.2.3.RELEASE]
	at org.springframework.beans.factory.support.AbstractBeanFactory.lambda$doGetBean$0(AbstractBeanFactory.java:323) ~[spring-beans-5.2.3.RELEASE.jar:5.2.3.RELEASE]
	at org.springframework.beans.factory.support.DefaultSingletonBeanRegistry.getSingleton(DefaultSingletonBeanRegistry.java:222) ~[spring-beans-5.2.3.RELEASE.jar:5.2.3.RELEASE]
	at org.springframework.beans.factory.support.AbstractBeanFactory.doGetBean(AbstractBeanFactory.java:321) ~[spring-beans-5.2.3.RELEASE.jar:5.2.3.RELEASE]
	at org.springframework.beans.factory.support.AbstractBeanFactory.getBean(AbstractBeanFactory.java:202) ~[spring-beans-5.2.3.RELEASE.jar:5.2.3.RELEASE]
	at org.springframework.beans.factory.support.DefaultListableBeanFactory.preInstantiateSingletons(DefaultListableBeanFactory.java:879) ~[spring-beans-5.2.3.RELEASE.jar:5.2.3.RELEASE]
	at org.springframework.context.support.AbstractApplicationContext.finishBeanFactoryInitialization(AbstractApplicationContext.java:878) ~[spring-context-5.2.3.RELEASE.jar:5.2.3.RELEASE]
	at org.springframework.context.support.AbstractApplicationContext.refresh(AbstractApplicationContext.java:550) ~[spring-context-5.2.3.RELEASE.jar:5.2.3.RELEASE]
	at org.springframework.boot.SpringApplication.refresh(SpringApplication.java:747) ~[spring-boot-2.2.4.RELEASE.jar:2.2.4.RELEASE]
	at org.springframework.boot.SpringApplication.refreshContext(SpringApplication.java:397) ~[spring-boot-2.2.4.RELEASE.jar:2.2.4.RELEASE]
	at org.springframework.boot.SpringApplication.run(SpringApplication.java:315) ~[spring-boot-2.2.4.RELEASE.jar:2.2.4.RELEASE]
	at org.springframework.boot.test.context.SpringBootContextLoader.loadContext(SpringBootContextLoader.java:126) ~[spring-boot-test-2.2.4.RELEASE.jar:2.2.4.RELEASE]
	at org.springframework.test.context.cache.DefaultCacheAwareContextLoaderDelegate.loadContextInternal(DefaultCacheAwareContextLoaderDelegate.java:99) ~[spring-test-5.2.3.RELEASE.jar:5.2.3.RELEASE]
	at org.springframework.test.context.cache.DefaultCacheAwareContextLoaderDelegate.loadContext(DefaultCacheAwareContextLoaderDelegate.java:124) ~[spring-test-5.2.3.RELEASE.jar:5.2.3.RELEASE]
	... 63 common frames omitted
Caused by: org.springframework.beans.factory.BeanCreationException: Error creating bean with name 'amazonS3ImageService' defined in file [/Users/ricardo/Desktop/csye6225_assignment/target/classes/com/csye6225/assignment3/service/AmazonS3ImageService.class]: Bean instantiation via constructor failed; nested exception is org.springframework.beans.BeanInstantiationException: Failed to instantiate [com.csye6225.assignment3.service.AmazonS3ImageService]: Constructor threw exception; nested exception is java.io.FileNotFoundException: /etc/environment (No such file or directory)
	at org.springframework.beans.factory.support.ConstructorResolver.instantiate(ConstructorResolver.java:314) ~[spring-beans-5.2.3.RELEASE.jar:5.2.3.RELEASE]
	at org.springframework.beans.factory.support.ConstructorResolver.autowireConstructor(ConstructorResolver.java:179) ~[spring-beans-5.2.3.RELEASE.jar:5.2.3.RELEASE]
	at org.springframework.beans.factory.support.AbstractAutowireCapableBeanFactory.autowireConstructor(AbstractAutowireCapableBeanFactory.java:1358) ~[spring-beans-5.2.3.RELEASE.jar:5.2.3.RELEASE]
	at org.springframework.beans.factory.support.AbstractAutowireCapableBeanFactory.createBeanInstance(AbstractAutowireCapableBeanFactory.java:1204) ~[spring-beans-5.2.3.RELEASE.jar:5.2.3.RELEASE]
	at org.springframework.beans.factory.support.AbstractAutowireCapableBeanFactory.doCreateBean(AbstractAutowireCapableBeanFactory.java:557) ~[spring-beans-5.2.3.RELEASE.jar:5.2.3.RELEASE]
	at org.springframework.beans.factory.support.AbstractAutowireCapableBeanFactory.createBean(AbstractAutowireCapableBeanFactory.java:517) ~[spring-beans-5.2.3.RELEASE.jar:5.2.3.RELEASE]
	at org.springframework.beans.factory.support.AbstractBeanFactory.lambda$doGetBean$0(AbstractBeanFactory.java:323) ~[spring-beans-5.2.3.RELEASE.jar:5.2.3.RELEASE]
	at org.springframework.beans.factory.support.DefaultSingletonBeanRegistry.getSingleton(DefaultSingletonBeanRegistry.java:222) ~[spring-beans-5.2.3.RELEASE.jar:5.2.3.RELEASE]
	at org.springframework.beans.factory.support.AbstractBeanFactory.doGetBean(AbstractBeanFactory.java:321) ~[spring-beans-5.2.3.RELEASE.jar:5.2.3.RELEASE]
	at org.springframework.beans.factory.support.AbstractBeanFactory.getBean(AbstractBeanFactory.java:202) ~[spring-beans-5.2.3.RELEASE.jar:5.2.3.RELEASE]
	at org.springframework.beans.factory.config.DependencyDescriptor.resolveCandidate(DependencyDescriptor.java:276) ~[spring-beans-5.2.3.RELEASE.jar:5.2.3.RELEASE]
	at org.springframework.beans.factory.support.DefaultListableBeanFactory.doResolveDependency(DefaultListableBeanFactory.java:1287) ~[spring-beans-5.2.3.RELEASE.jar:5.2.3.RELEASE]
	at org.springframework.beans.factory.support.DefaultListableBeanFactory.resolveDependency(DefaultListableBeanFactory.java:1207) ~[spring-beans-5.2.3.RELEASE.jar:5.2.3.RELEASE]
	at org.springframework.beans.factory.annotation.AutowiredAnnotationBeanPostProcessor$AutowiredFieldElement.inject(AutowiredAnnotationBeanPostProcessor.java:640) ~[spring-beans-5.2.3.RELEASE.jar:5.2.3.RELEASE]
	... 81 common frames omitted
Caused by: org.springframework.beans.BeanInstantiationException: Failed to instantiate [com.csye6225.assignment3.service.AmazonS3ImageService]: Constructor threw exception; nested exception is java.io.FileNotFoundException: /etc/environment (No such file or directory)
	at org.springframework.beans.BeanUtils.instantiateClass(BeanUtils.java:216) ~[spring-beans-5.2.3.RELEASE.jar:5.2.3.RELEASE]
	at org.springframework.beans.factory.support.SimpleInstantiationStrategy.instantiate(SimpleInstantiationStrategy.java:117) ~[spring-beans-5.2.3.RELEASE.jar:5.2.3.RELEASE]
	at org.springframework.beans.factory.support.ConstructorResolver.instantiate(ConstructorResolver.java:310) ~[spring-beans-5.2.3.RELEASE.jar:5.2.3.RELEASE]
	... 94 common frames omitted
Caused by: java.io.FileNotFoundException: /etc/environment (No such file or directory)
	at java.base/java.io.FileInputStream.open0(Native Method) ~[na:na]
	at java.base/java.io.FileInputStream.open(FileInputStream.java:213) ~[na:na]
	at java.base/java.io.FileInputStream.<init>(FileInputStream.java:155) ~[na:na]
	at java.base/java.io.FileReader.<init>(FileReader.java:75) ~[na:na]
	at com.csye6225.assignment3.service.AmazonS3ImageService.getBucketName(AmazonS3ImageService.java:62) ~[classes/:na]
	at com.csye6225.assignment3.service.AmazonS3ImageService.<init>(AmazonS3ImageService.java:48) ~[classes/:na]
	at java.base/jdk.internal.reflect.NativeConstructorAccessorImpl.newInstance0(Native Method) ~[na:na]
	at java.base/jdk.internal.reflect.NativeConstructorAccessorImpl.newInstance(NativeConstructorAccessorImpl.java:62) ~[na:na]
	at java.base/jdk.internal.reflect.DelegatingConstructorAccessorImpl.newInstance(DelegatingConstructorAccessorImpl.java:45) ~[na:na]
	at java.base/java.lang.reflect.Constructor.newInstanceWithCaller(Constructor.java:500) ~[na:na]
	at java.base/java.lang.reflect.Constructor.newInstance(Constructor.java:481) ~[na:na]
	at org.springframework.beans.BeanUtils.instantiateClass(BeanUtils.java:203) ~[spring-beans-5.2.3.RELEASE.jar:5.2.3.RELEASE]
	... 96 common frames omitted

]]></system-out>
  </testcase>
</testsuite>